2025-07-22 00:51:56.736 [main] INFO  c.itxuan.TliasManagementApplication - Starting TliasManagementApplication using Java 21.0.7 with PID 13476 (E:\project\Actual-develop\Tlias-educate-management\web-ai-Tlias\Tlias-management\target\classes started by Administrator in E:\project\Actual-develop\Tlias-educate-management\web-ai-Tlias)
2025-07-22 00:51:56.736 [main] INFO  c.itxuan.TliasManagementApplication - No active profile set, falling back to 1 default profile: "default"
2025-07-22 00:51:57.351 [main] INFO  o.s.b.w.e.tomcat.TomcatWebServer - Tomcat initialized with port 8080 (http)
2025-07-22 00:51:57.364 [main] INFO  o.a.coyote.http11.Http11NioProtocol - Initializing ProtocolHandler ["http-nio-8080"]
2025-07-22 00:51:57.366 [main] INFO  o.a.catalina.core.StandardService - Starting service [Tomcat]
2025-07-22 00:51:57.366 [main] INFO  o.a.catalina.core.StandardEngine - Starting Servlet engine: [Apache Tomcat/10.1.42]
2025-07-22 00:51:57.396 [main] INFO  o.a.c.c.C.[Tomcat].[localhost].[/] - Initializing Spring embedded WebApplicationContext
2025-07-22 00:51:57.396 [main] INFO  o.s.b.w.s.c.ServletWebServerApplicationContext - Root WebApplicationContext: initialization completed in 633 ms
2025-07-22 00:51:57.828 [main] INFO  o.a.coyote.http11.Http11NioProtocol - Starting ProtocolHandler ["http-nio-8080"]
2025-07-22 00:51:57.843 [main] INFO  o.s.b.w.e.tomcat.TomcatWebServer - Tomcat started on port 8080 (http) with context path '/'
2025-07-22 00:51:57.848 [main] INFO  c.itxuan.TliasManagementApplication - Started TliasManagementApplication in 1.377 seconds (process running for 1.865)
2025-07-22 00:54:09.519 [http-nio-8080-exec-2] INFO  o.a.c.c.C.[Tomcat].[localhost].[/] - Initializing Spring DispatcherServlet 'dispatcherServlet'
2025-07-22 00:54:09.519 [http-nio-8080-exec-2] INFO  o.s.web.servlet.DispatcherServlet - Initializing Servlet 'dispatcherServlet'
2025-07-22 00:54:09.519 [http-nio-8080-exec-2] INFO  o.s.web.servlet.DispatcherServlet - Completed initialization in 0 ms
2025-07-22 00:54:09.623 [http-nio-8080-exec-2] WARN  o.s.w.s.m.s.DefaultHandlerExceptionResolver - Resolved [org.springframework.http.converter.HttpMessageNotReadableException: Required request body is missing: public com.itxuan.pojo.Result com.itxuan.controller.EmpController.save(com.itxuan.pojo.Emp)]
2025-07-22 00:56:48.539 [SpringApplicationShutdownHook] INFO  o.s.b.w.e.tomcat.GracefulShutdown - Commencing graceful shutdown. Waiting for active requests to complete
2025-07-22 00:56:48.544 [tomcat-shutdown] INFO  o.s.b.w.e.tomcat.GracefulShutdown - Graceful shutdown complete
2025-07-22 00:56:49.994 [main] INFO  c.itxuan.TliasManagementApplication - Starting TliasManagementApplication using Java 21.0.7 with PID 12936 (E:\project\Actual-develop\Tlias-educate-management\web-ai-Tlias\Tlias-management\target\classes started by Administrator in E:\project\Actual-develop\Tlias-educate-management\web-ai-Tlias)
2025-07-22 00:56:49.995 [main] INFO  c.itxuan.TliasManagementApplication - No active profile set, falling back to 1 default profile: "default"
2025-07-22 00:56:50.576 [main] INFO  o.s.b.w.e.tomcat.TomcatWebServer - Tomcat initialized with port 8080 (http)
2025-07-22 00:56:50.584 [main] INFO  o.a.coyote.http11.Http11NioProtocol - Initializing ProtocolHandler ["http-nio-8080"]
2025-07-22 00:56:50.594 [main] INFO  o.a.catalina.core.StandardService - Starting service [Tomcat]
2025-07-22 00:56:50.595 [main] INFO  o.a.catalina.core.StandardEngine - Starting Servlet engine: [Apache Tomcat/10.1.42]
2025-07-22 00:56:50.622 [main] INFO  o.a.c.c.C.[Tomcat].[localhost].[/] - Initializing Spring embedded WebApplicationContext
2025-07-22 00:56:50.622 [main] INFO  o.s.b.w.s.c.ServletWebServerApplicationContext - Root WebApplicationContext: initialization completed in 602 ms
2025-07-22 00:56:50.993 [main] INFO  o.a.coyote.http11.Http11NioProtocol - Starting ProtocolHandler ["http-nio-8080"]
2025-07-22 00:56:51.005 [main] INFO  o.s.b.w.e.tomcat.TomcatWebServer - Tomcat started on port 8080 (http) with context path '/'
2025-07-22 00:56:51.010 [main] INFO  c.itxuan.TliasManagementApplication - Started TliasManagementApplication in 1.261 seconds (process running for 1.726)
2025-07-22 00:56:59.320 [http-nio-8080-exec-1] INFO  o.a.c.c.C.[Tomcat].[localhost].[/] - Initializing Spring DispatcherServlet 'dispatcherServlet'
2025-07-22 00:56:59.320 [http-nio-8080-exec-1] INFO  o.s.web.servlet.DispatcherServlet - Initializing Servlet 'dispatcherServlet'
2025-07-22 00:56:59.321 [http-nio-8080-exec-1] INFO  o.s.web.servlet.DispatcherServlet - Completed initialization in 1 ms
2025-07-22 00:56:59.378 [http-nio-8080-exec-1] WARN  o.s.w.s.m.s.DefaultHandlerExceptionResolver - Resolved [org.springframework.http.converter.HttpMessageNotReadableException: Required request body is missing: public com.itxuan.pojo.Result com.itxuan.controller.EmpController.save(com.itxuan.pojo.Emp)]
2025-07-22 00:57:56.879 [http-nio-8080-exec-4] INFO  com.itxuan.controller.EmpController - 添加员工，参数：Emp(id=null, username=linpingzhi, password=null, name=林平之, gender=1, phone=18809091234, job=1, salary=8000, image=https://web-framework.oss-cn-hangzhou.aliyuncs.com/2022-09-03-07-37-38222.jpg, entryDate=2022-09-18, deptId=1, createTime=null, updateTime=null, deptName=null, exprsList=null)
2025-07-22 00:57:56.900 [http-nio-8080-exec-4] INFO  com.zaxxer.hikari.HikariDataSource - HikariPool-1 - Starting...
2025-07-22 00:57:57.207 [http-nio-8080-exec-4] INFO  com.zaxxer.hikari.pool.HikariPool - HikariPool-1 - Added connection com.mysql.cj.jdbc.ConnectionImpl@1589809c
2025-07-22 00:57:57.207 [http-nio-8080-exec-4] INFO  com.zaxxer.hikari.HikariDataSource - HikariPool-1 - Start completed.
2025-07-22 00:58:33.897 [SpringApplicationShutdownHook] INFO  o.s.b.w.e.tomcat.GracefulShutdown - Commencing graceful shutdown. Waiting for active requests to complete
2025-07-22 00:58:33.901 [tomcat-shutdown] INFO  o.s.b.w.e.tomcat.GracefulShutdown - Graceful shutdown complete
2025-07-22 00:58:33.903 [SpringApplicationShutdownHook] INFO  com.zaxxer.hikari.HikariDataSource - HikariPool-1 - Shutdown initiated...
2025-07-22 00:58:33.907 [SpringApplicationShutdownHook] INFO  com.zaxxer.hikari.HikariDataSource - HikariPool-1 - Shutdown completed.
2025-07-22 00:58:36.021 [main] INFO  c.itxuan.TliasManagementApplication - Starting TliasManagementApplication using Java 21.0.7 with PID 14992 (E:\project\Actual-develop\Tlias-educate-management\web-ai-Tlias\Tlias-management\target\classes started by Administrator in E:\project\Actual-develop\Tlias-educate-management\web-ai-Tlias)
2025-07-22 00:58:36.022 [main] INFO  c.itxuan.TliasManagementApplication - No active profile set, falling back to 1 default profile: "default"
2025-07-22 00:58:36.708 [main] INFO  o.s.b.w.e.tomcat.TomcatWebServer - Tomcat initialized with port 8080 (http)
2025-07-22 00:58:36.718 [main] INFO  o.a.coyote.http11.Http11NioProtocol - Initializing ProtocolHandler ["http-nio-8080"]
2025-07-22 00:58:36.719 [main] INFO  o.a.catalina.core.StandardService - Starting service [Tomcat]
2025-07-22 00:58:36.719 [main] INFO  o.a.catalina.core.StandardEngine - Starting Servlet engine: [Apache Tomcat/10.1.42]
2025-07-22 00:58:36.749 [main] INFO  o.a.c.c.C.[Tomcat].[localhost].[/] - Initializing Spring embedded WebApplicationContext
2025-07-22 00:58:36.750 [main] INFO  o.s.b.w.s.c.ServletWebServerApplicationContext - Root WebApplicationContext: initialization completed in 698 ms
2025-07-22 00:58:37.196 [main] INFO  o.a.coyote.http11.Http11NioProtocol - Starting ProtocolHandler ["http-nio-8080"]
2025-07-22 00:58:37.209 [main] INFO  o.s.b.w.e.tomcat.TomcatWebServer - Tomcat started on port 8080 (http) with context path '/'
2025-07-22 00:58:37.216 [main] INFO  c.itxuan.TliasManagementApplication - Started TliasManagementApplication in 1.478 seconds (process running for 2.448)
2025-07-22 00:59:11.593 [http-nio-8080-exec-2] INFO  o.a.c.c.C.[Tomcat].[localhost].[/] - Initializing Spring DispatcherServlet 'dispatcherServlet'
2025-07-22 00:59:11.594 [http-nio-8080-exec-2] INFO  o.s.web.servlet.DispatcherServlet - Initializing Servlet 'dispatcherServlet'
2025-07-22 00:59:11.594 [http-nio-8080-exec-2] INFO  o.s.web.servlet.DispatcherServlet - Completed initialization in 0 ms
2025-07-22 00:59:11.705 [http-nio-8080-exec-2] INFO  com.itxuan.controller.EmpController - 添加员工，参数：Emp(id=null, username=haizhiyan, password=null, name=海之言, gender=1, phone=18802091234, job=1, salary=8000, image=https://web-framework.oss-cn-hangzhou.aliyuncs.com/2022-09-03-07-37-38222.jpg, entryDate=2022-09-18, deptId=1, createTime=null, updateTime=null, deptName=null, exprsList=null)
2025-07-22 00:59:30.515 [http-nio-8080-exec-2] INFO  com.zaxxer.hikari.HikariDataSource - HikariPool-1 - Starting...
2025-07-22 00:59:30.759 [http-nio-8080-exec-2] INFO  com.zaxxer.hikari.pool.HikariPool - HikariPool-1 - Added connection com.mysql.cj.jdbc.ConnectionImpl@39e19133
2025-07-22 00:59:30.761 [http-nio-8080-exec-2] INFO  com.zaxxer.hikari.HikariDataSource - HikariPool-1 - Start completed.
2025-07-22 01:06:47.018 [http-nio-8080-exec-5] INFO  com.itxuan.controller.EmpController - 添加员工，参数：Emp(id=null, username=zhanghao, password=null, name=张浩, gender=1, phone=18802091234, job=1, salary=8000, image=https://web-framework.oss-cn-hangzhou.aliyuncs.com/2022-09-03-07-37-38222.jpg, entryDate=2022-09-18, deptId=1, createTime=null, updateTime=null, deptName=null, exprsList=null)
2025-07-22 01:08:45.619 [HikariPool-1 housekeeper] WARN  com.zaxxer.hikari.pool.HikariPool - HikariPool-1 - Thread starvation or clock leap detected (housekeeper delta=2m14s660ms692µs200ns).
2025-07-22 01:08:45.905 [SpringApplicationShutdownHook] INFO  o.s.b.w.e.tomcat.GracefulShutdown - Commencing graceful shutdown. Waiting for active requests to complete
2025-07-22 01:08:46.098 [tomcat-shutdown] INFO  o.s.b.w.e.tomcat.GracefulShutdown - Graceful shutdown complete
2025-07-22 01:08:46.101 [SpringApplicationShutdownHook] INFO  com.zaxxer.hikari.HikariDataSource - HikariPool-1 - Shutdown initiated...
2025-07-22 01:08:46.105 [SpringApplicationShutdownHook] INFO  com.zaxxer.hikari.HikariDataSource - HikariPool-1 - Shutdown completed.
2025-07-22 01:09:02.289 [main] INFO  c.itxuan.TliasManagementApplication - Starting TliasManagementApplication using Java 21.0.7 with PID 13712 (E:\project\Actual-develop\Tlias-educate-management\web-ai-Tlias\Tlias-management\target\classes started by Administrator in E:\project\Actual-develop\Tlias-educate-management\web-ai-Tlias)
2025-07-22 01:09:02.290 [main] INFO  c.itxuan.TliasManagementApplication - No active profile set, falling back to 1 default profile: "default"
2025-07-22 01:09:02.956 [main] INFO  o.s.b.w.e.tomcat.TomcatWebServer - Tomcat initialized with port 8080 (http)
2025-07-22 01:09:02.966 [main] INFO  o.a.coyote.http11.Http11NioProtocol - Initializing ProtocolHandler ["http-nio-8080"]
2025-07-22 01:09:02.967 [main] INFO  o.a.catalina.core.StandardService - Starting service [Tomcat]
2025-07-22 01:09:02.967 [main] INFO  o.a.catalina.core.StandardEngine - Starting Servlet engine: [Apache Tomcat/10.1.42]
2025-07-22 01:09:02.999 [main] INFO  o.a.c.c.C.[Tomcat].[localhost].[/] - Initializing Spring embedded WebApplicationContext
2025-07-22 01:09:03.000 [main] INFO  o.s.b.w.s.c.ServletWebServerApplicationContext - Root WebApplicationContext: initialization completed in 677 ms
2025-07-22 01:09:03.444 [main] INFO  o.a.coyote.http11.Http11NioProtocol - Starting ProtocolHandler ["http-nio-8080"]
2025-07-22 01:09:03.457 [main] INFO  o.s.b.w.e.tomcat.TomcatWebServer - Tomcat started on port 8080 (http) with context path '/'
2025-07-22 01:09:03.462 [main] INFO  c.itxuan.TliasManagementApplication - Started TliasManagementApplication in 1.455 seconds (process running for 2.044)
2025-07-22 01:09:10.167 [http-nio-8080-exec-1] INFO  o.a.c.c.C.[Tomcat].[localhost].[/] - Initializing Spring DispatcherServlet 'dispatcherServlet'
2025-07-22 01:09:10.167 [http-nio-8080-exec-1] INFO  o.s.web.servlet.DispatcherServlet - Initializing Servlet 'dispatcherServlet'
2025-07-22 01:09:10.168 [http-nio-8080-exec-1] INFO  o.s.web.servlet.DispatcherServlet - Completed initialization in 1 ms
2025-07-22 01:09:10.238 [http-nio-8080-exec-1] INFO  com.itxuan.controller.EmpController - 添加员工，参数：Emp(id=null, username=zhanghao, password=null, name=张浩, gender=1, phone=18802091234, job=1, salary=8000, image=https://web-framework.oss-cn-hangzhou.aliyuncs.com/2022-09-03-07-37-38222.jpg, entryDate=2022-09-18, deptId=1, createTime=null, updateTime=null, deptName=null, exprList=[EmpExpr(id=null, empId=null, begin=2012-07-01, end=2019-03-03, company=百度科技股份有限公司, job=java开发), EmpExpr(id=null, empId=null, begin=2019-03-15, end=2023-03-01, company=阿里巴巴科技股份有限公司, job=架构师)])
2025-07-22 01:09:29.522 [http-nio-8080-exec-1] INFO  com.zaxxer.hikari.HikariDataSource - HikariPool-1 - Starting...
2025-07-22 01:09:29.754 [http-nio-8080-exec-1] INFO  com.zaxxer.hikari.pool.HikariPool - HikariPool-1 - Added connection com.mysql.cj.jdbc.ConnectionImpl@18a9cd97
2025-07-22 01:09:29.756 [http-nio-8080-exec-1] INFO  com.zaxxer.hikari.HikariDataSource - HikariPool-1 - Start completed.
2025-07-22 01:09:30.232 [http-nio-8080-exec-1] ERROR o.a.c.c.C.[.[.[.[dispatcherServlet] - Servlet.service() for servlet [dispatcherServlet] in context with path [] threw exception [Request processing failed: org.springframework.dao.DuplicateKeyException: 
### Error updating database.  Cause: java.sql.SQLIntegrityConstraintViolationException: Duplicate entry '18802091234' for key 'emp.phone'
### The error may exist in com/itxuan/mapper/EmpMapper.java (best guess)
### The error may involve com.itxuan.mapper.EmpMapper.insert-Inline
### The error occurred while setting parameters
### SQL: insert into emp(username, name, gender, phone, job, salary, image, entry_date, dept_id, create_time, update_time)    values (?,?,?,?,?,?,?,?,?,?,?);
### Cause: java.sql.SQLIntegrityConstraintViolationException: Duplicate entry '18802091234' for key 'emp.phone'
; Duplicate entry '18802091234' for key 'emp.phone'] with root cause
java.sql.SQLIntegrityConstraintViolationException: Duplicate entry '18802091234' for key 'emp.phone'
	at com.mysql.cj.jdbc.exceptions.SQLError.createSQLException(SQLError.java:109)
	at com.mysql.cj.jdbc.exceptions.SQLExceptionsMapping.translateException(SQLExceptionsMapping.java:114)
	at com.mysql.cj.jdbc.ClientPreparedStatement.executeInternal(ClientPreparedStatement.java:988)
	at com.mysql.cj.jdbc.ClientPreparedStatement.execute(ClientPreparedStatement.java:382)
	at com.zaxxer.hikari.pool.ProxyPreparedStatement.execute(ProxyPreparedStatement.java:44)
	at com.zaxxer.hikari.pool.HikariProxyPreparedStatement.execute(HikariProxyPreparedStatement.java)
	at java.base/jdk.internal.reflect.DirectMethodHandleAccessor.invoke(DirectMethodHandleAccessor.java:103)
	at java.base/java.lang.reflect.Method.invoke(Method.java:580)
	at org.apache.ibatis.logging.jdbc.PreparedStatementLogger.invoke(PreparedStatementLogger.java:58)
	at jdk.proxy3/jdk.proxy3.$Proxy86.execute(Unknown Source)
	at org.apache.ibatis.executor.statement.PreparedStatementHandler.update(PreparedStatementHandler.java:48)
	at org.apache.ibatis.executor.statement.RoutingStatementHandler.update(RoutingStatementHandler.java:75)
	at org.apache.ibatis.executor.SimpleExecutor.doUpdate(SimpleExecutor.java:50)
	at org.apache.ibatis.executor.BaseExecutor.update(BaseExecutor.java:117)
	at org.apache.ibatis.executor.CachingExecutor.update(CachingExecutor.java:76)
	at java.base/jdk.internal.reflect.DirectMethodHandleAccessor.invoke(DirectMethodHandleAccessor.java:103)
	at java.base/java.lang.reflect.Method.invoke(Method.java:580)
	at org.apache.ibatis.plugin.Plugin.invoke(Plugin.java:61)
	at jdk.proxy2/jdk.proxy2.$Proxy84.update(Unknown Source)
	at org.apache.ibatis.session.defaults.DefaultSqlSession.update(DefaultSqlSession.java:197)
	at org.apache.ibatis.session.defaults.DefaultSqlSession.insert(DefaultSqlSession.java:184)
	at java.base/jdk.internal.reflect.DirectMethodHandleAccessor.invoke(DirectMethodHandleAccessor.java:103)
	at java.base/java.lang.reflect.Method.invoke(Method.java:580)
	at org.mybatis.spring.SqlSessionTemplate$SqlSessionInterceptor.invoke(SqlSessionTemplate.java:333)
	at jdk.proxy2/jdk.proxy2.$Proxy65.insert(Unknown Source)
	at org.mybatis.spring.SqlSessionTemplate.insert(SqlSessionTemplate.java:224)
	at org.apache.ibatis.binding.MapperMethod.execute(MapperMethod.java:62)
	at org.apache.ibatis.binding.MapperProxy$PlainMethodInvoker.invoke(MapperProxy.java:141)
	at org.apache.ibatis.binding.MapperProxy.invoke(MapperProxy.java:86)
	at jdk.proxy2/jdk.proxy2.$Proxy72.insert(Unknown Source)
	at com.itxuan.service.Impl.EmpServiceImpl.save(EmpServiceImpl.java:77)
	at com.itxuan.controller.EmpController.save(EmpController.java:38)
	at java.base/jdk.internal.reflect.DirectMethodHandleAccessor.invoke(DirectMethodHandleAccessor.java:103)
	at java.base/java.lang.reflect.Method.invoke(Method.java:580)
	at org.springframework.web.method.support.InvocableHandlerMethod.doInvoke(InvocableHandlerMethod.java:258)
	at org.springframework.web.method.support.InvocableHandlerMethod.invokeForRequest(InvocableHandlerMethod.java:191)
	at org.springframework.web.servlet.mvc.method.annotation.ServletInvocableHandlerMethod.invokeAndHandle(ServletInvocableHandlerMethod.java:118)
	at org.springframework.web.servlet.mvc.method.annotation.RequestMappingHandlerAdapter.invokeHandlerMethod(RequestMappingHandlerAdapter.java:986)
	at org.springframework.web.servlet.mvc.method.annotation.RequestMappingHandlerAdapter.handleInternal(RequestMappingHandlerAdapter.java:891)
	at org.springframework.web.servlet.mvc.method.AbstractHandlerMethodAdapter.handle(AbstractHandlerMethodAdapter.java:87)
	at org.springframework.web.servlet.DispatcherServlet.doDispatch(DispatcherServlet.java:1089)
	at org.springframework.web.servlet.DispatcherServlet.doService(DispatcherServlet.java:979)
	at org.springframework.web.servlet.FrameworkServlet.processRequest(FrameworkServlet.java:1014)
	at org.springframework.web.servlet.FrameworkServlet.doPost(FrameworkServlet.java:914)
	at jakarta.servlet.http.HttpServlet.service(HttpServlet.java:590)
	at org.springframework.web.servlet.FrameworkServlet.service(FrameworkServlet.java:885)
	at jakarta.servlet.http.HttpServlet.service(HttpServlet.java:658)
	at org.apache.catalina.core.ApplicationFilterChain.internalDoFilter(ApplicationFilterChain.java:195)
	at org.apache.catalina.core.ApplicationFilterChain.doFilter(ApplicationFilterChain.java:140)
	at org.apache.tomcat.websocket.server.WsFilter.doFilter(WsFilter.java:51)
	at org.apache.catalina.core.ApplicationFilterChain.internalDoFilter(ApplicationFilterChain.java:164)
	at org.apache.catalina.core.ApplicationFilterChain.doFilter(ApplicationFilterChain.java:140)
	at org.springframework.web.filter.RequestContextFilter.doFilterInternal(RequestContextFilter.java:100)
	at org.springframework.web.filter.OncePerRequestFilter.doFilter(OncePerRequestFilter.java:116)
	at org.apache.catalina.core.ApplicationFilterChain.internalDoFilter(ApplicationFilterChain.java:164)
	at org.apache.catalina.core.ApplicationFilterChain.doFilter(ApplicationFilterChain.java:140)
	at org.springframework.web.filter.FormContentFilter.doFilterInternal(FormContentFilter.java:93)
	at org.springframework.web.filter.OncePerRequestFilter.doFilter(OncePerRequestFilter.java:116)
	at org.apache.catalina.core.ApplicationFilterChain.internalDoFilter(ApplicationFilterChain.java:164)
	at org.apache.catalina.core.ApplicationFilterChain.doFilter(ApplicationFilterChain.java:140)
	at org.springframework.web.filter.CharacterEncodingFilter.doFilterInternal(CharacterEncodingFilter.java:201)
	at org.springframework.web.filter.OncePerRequestFilter.doFilter(OncePerRequestFilter.java:116)
	at org.apache.catalina.core.ApplicationFilterChain.internalDoFilter(ApplicationFilterChain.java:164)
	at org.apache.catalina.core.ApplicationFilterChain.doFilter(ApplicationFilterChain.java:140)
	at org.apache.catalina.core.StandardWrapperValve.invoke(StandardWrapperValve.java:167)
	at org.apache.catalina.core.StandardContextValve.invoke(StandardContextValve.java:90)
	at org.apache.catalina.authenticator.AuthenticatorBase.invoke(AuthenticatorBase.java:483)
	at org.apache.catalina.core.StandardHostValve.invoke(StandardHostValve.java:116)
	at org.apache.catalina.valves.ErrorReportValve.invoke(ErrorReportValve.java:93)
	at org.apache.catalina.core.StandardEngineValve.invoke(StandardEngineValve.java:74)
	at org.apache.catalina.connector.CoyoteAdapter.service(CoyoteAdapter.java:344)
	at org.apache.coyote.http11.Http11Processor.service(Http11Processor.java:398)
	at org.apache.coyote.AbstractProcessorLight.process(AbstractProcessorLight.java:63)
	at org.apache.coyote.AbstractProtocol$ConnectionHandler.process(AbstractProtocol.java:903)
	at org.apache.tomcat.util.net.NioEndpoint$SocketProcessor.doRun(NioEndpoint.java:1769)
	at org.apache.tomcat.util.net.SocketProcessorBase.run(SocketProcessorBase.java:52)
	at org.apache.tomcat.util.threads.ThreadPoolExecutor.runWorker(ThreadPoolExecutor.java:1189)
	at org.apache.tomcat.util.threads.ThreadPoolExecutor$Worker.run(ThreadPoolExecutor.java:658)
	at org.apache.tomcat.util.threads.TaskThread$WrappingRunnable.run(TaskThread.java:63)
	at java.base/java.lang.Thread.run(Thread.java:1583)
2025-07-22 01:10:38.656 [http-nio-8080-exec-4] INFO  com.itxuan.controller.EmpController - 添加员工，参数：Emp(id=null, username=zhanghao12, password=null, name=张浩12, gender=1, phone=18802091234, job=1, salary=8000, image=https://web-framework.oss-cn-hangzhou.aliyuncs.com/2022-09-03-07-37-38222.jpg, entryDate=2022-09-18, deptId=1, createTime=null, updateTime=null, deptName=null, exprList=[EmpExpr(id=null, empId=null, begin=2012-07-01, end=2019-03-03, company=百度科技股份有限公司, job=java开发), EmpExpr(id=null, empId=null, begin=2019-03-15, end=2023-03-01, company=阿里巴巴科技股份有限公司, job=架构师)])
2025-07-22 01:13:41.745 [HikariPool-1 housekeeper] WARN  com.zaxxer.hikari.pool.HikariPool - HikariPool-1 - Thread starvation or clock leap detected (housekeeper delta=3m11s885ms212µs100ns).
2025-07-22 01:13:41.761 [http-nio-8080-exec-4] ERROR o.a.c.c.C.[.[.[.[dispatcherServlet] - Servlet.service() for servlet [dispatcherServlet] in context with path [] threw exception [Request processing failed: org.springframework.dao.DuplicateKeyException: 
### Error updating database.  Cause: java.sql.SQLIntegrityConstraintViolationException: Duplicate entry '18802091234' for key 'emp.phone'
### The error may exist in com/itxuan/mapper/EmpMapper.java (best guess)
### The error may involve com.itxuan.mapper.EmpMapper.insert-Inline
### The error occurred while setting parameters
### SQL: insert into emp(username, name, gender, phone, job, salary, image, entry_date, dept_id, create_time, update_time)    values (?,?,?,?,?,?,?,?,?,?,?);
### Cause: java.sql.SQLIntegrityConstraintViolationException: Duplicate entry '18802091234' for key 'emp.phone'
; Duplicate entry '18802091234' for key 'emp.phone'] with root cause
java.sql.SQLIntegrityConstraintViolationException: Duplicate entry '18802091234' for key 'emp.phone'
	at com.mysql.cj.jdbc.exceptions.SQLError.createSQLException(SQLError.java:109)
	at com.mysql.cj.jdbc.exceptions.SQLExceptionsMapping.translateException(SQLExceptionsMapping.java:114)
	at com.mysql.cj.jdbc.ClientPreparedStatement.executeInternal(ClientPreparedStatement.java:988)
	at com.mysql.cj.jdbc.ClientPreparedStatement.execute(ClientPreparedStatement.java:382)
	at com.zaxxer.hikari.pool.ProxyPreparedStatement.execute(ProxyPreparedStatement.java:44)
	at com.zaxxer.hikari.pool.HikariProxyPreparedStatement.execute(HikariProxyPreparedStatement.java)
	at java.base/jdk.internal.reflect.DirectMethodHandleAccessor.invoke(DirectMethodHandleAccessor.java:103)
	at java.base/java.lang.reflect.Method.invoke(Method.java:580)
	at org.apache.ibatis.logging.jdbc.PreparedStatementLogger.invoke(PreparedStatementLogger.java:58)
	at jdk.proxy3/jdk.proxy3.$Proxy86.execute(Unknown Source)
	at org.apache.ibatis.executor.statement.PreparedStatementHandler.update(PreparedStatementHandler.java:48)
	at org.apache.ibatis.executor.statement.RoutingStatementHandler.update(RoutingStatementHandler.java:75)
	at org.apache.ibatis.executor.SimpleExecutor.doUpdate(SimpleExecutor.java:50)
	at org.apache.ibatis.executor.BaseExecutor.update(BaseExecutor.java:117)
	at org.apache.ibatis.executor.CachingExecutor.update(CachingExecutor.java:76)
	at java.base/jdk.internal.reflect.DirectMethodHandleAccessor.invoke(DirectMethodHandleAccessor.java:103)
	at java.base/java.lang.reflect.Method.invoke(Method.java:580)
	at org.apache.ibatis.plugin.Plugin.invoke(Plugin.java:61)
	at jdk.proxy2/jdk.proxy2.$Proxy84.update(Unknown Source)
	at org.apache.ibatis.session.defaults.DefaultSqlSession.update(DefaultSqlSession.java:197)
	at org.apache.ibatis.session.defaults.DefaultSqlSession.insert(DefaultSqlSession.java:184)
	at java.base/jdk.internal.reflect.DirectMethodHandleAccessor.invoke(DirectMethodHandleAccessor.java:103)
	at java.base/java.lang.reflect.Method.invoke(Method.java:580)
	at org.mybatis.spring.SqlSessionTemplate$SqlSessionInterceptor.invoke(SqlSessionTemplate.java:333)
	at jdk.proxy2/jdk.proxy2.$Proxy65.insert(Unknown Source)
	at org.mybatis.spring.SqlSessionTemplate.insert(SqlSessionTemplate.java:224)
	at org.apache.ibatis.binding.MapperMethod.execute(MapperMethod.java:62)
	at org.apache.ibatis.binding.MapperProxy$PlainMethodInvoker.invoke(MapperProxy.java:141)
	at org.apache.ibatis.binding.MapperProxy.invoke(MapperProxy.java:86)
	at jdk.proxy2/jdk.proxy2.$Proxy72.insert(Unknown Source)
	at com.itxuan.service.Impl.EmpServiceImpl.save(EmpServiceImpl.java:77)
	at com.itxuan.controller.EmpController.save(EmpController.java:38)
	at java.base/jdk.internal.reflect.DirectMethodHandleAccessor.invoke(DirectMethodHandleAccessor.java:103)
	at java.base/java.lang.reflect.Method.invoke(Method.java:580)
	at org.springframework.web.method.support.InvocableHandlerMethod.doInvoke(InvocableHandlerMethod.java:258)
	at org.springframework.web.method.support.InvocableHandlerMethod.invokeForRequest(InvocableHandlerMethod.java:191)
	at org.springframework.web.servlet.mvc.method.annotation.ServletInvocableHandlerMethod.invokeAndHandle(ServletInvocableHandlerMethod.java:118)
	at org.springframework.web.servlet.mvc.method.annotation.RequestMappingHandlerAdapter.invokeHandlerMethod(RequestMappingHandlerAdapter.java:986)
	at org.springframework.web.servlet.mvc.method.annotation.RequestMappingHandlerAdapter.handleInternal(RequestMappingHandlerAdapter.java:891)
	at org.springframework.web.servlet.mvc.method.AbstractHandlerMethodAdapter.handle(AbstractHandlerMethodAdapter.java:87)
	at org.springframework.web.servlet.DispatcherServlet.doDispatch(DispatcherServlet.java:1089)
	at org.springframework.web.servlet.DispatcherServlet.doService(DispatcherServlet.java:979)
	at org.springframework.web.servlet.FrameworkServlet.processRequest(FrameworkServlet.java:1014)
	at org.springframework.web.servlet.FrameworkServlet.doPost(FrameworkServlet.java:914)
	at jakarta.servlet.http.HttpServlet.service(HttpServlet.java:590)
	at org.springframework.web.servlet.FrameworkServlet.service(FrameworkServlet.java:885)
	at jakarta.servlet.http.HttpServlet.service(HttpServlet.java:658)
	at org.apache.catalina.core.ApplicationFilterChain.internalDoFilter(ApplicationFilterChain.java:195)
	at org.apache.catalina.core.ApplicationFilterChain.doFilter(ApplicationFilterChain.java:140)
	at org.apache.tomcat.websocket.server.WsFilter.doFilter(WsFilter.java:51)
	at org.apache.catalina.core.ApplicationFilterChain.internalDoFilter(ApplicationFilterChain.java:164)
	at org.apache.catalina.core.ApplicationFilterChain.doFilter(ApplicationFilterChain.java:140)
	at org.springframework.web.filter.RequestContextFilter.doFilterInternal(RequestContextFilter.java:100)
	at org.springframework.web.filter.OncePerRequestFilter.doFilter(OncePerRequestFilter.java:116)
	at org.apache.catalina.core.ApplicationFilterChain.internalDoFilter(ApplicationFilterChain.java:164)
	at org.apache.catalina.core.ApplicationFilterChain.doFilter(ApplicationFilterChain.java:140)
	at org.springframework.web.filter.FormContentFilter.doFilterInternal(FormContentFilter.java:93)
	at org.springframework.web.filter.OncePerRequestFilter.doFilter(OncePerRequestFilter.java:116)
	at org.apache.catalina.core.ApplicationFilterChain.internalDoFilter(ApplicationFilterChain.java:164)
	at org.apache.catalina.core.ApplicationFilterChain.doFilter(ApplicationFilterChain.java:140)
	at org.springframework.web.filter.CharacterEncodingFilter.doFilterInternal(CharacterEncodingFilter.java:201)
	at org.springframework.web.filter.OncePerRequestFilter.doFilter(OncePerRequestFilter.java:116)
	at org.apache.catalina.core.ApplicationFilterChain.internalDoFilter(ApplicationFilterChain.java:164)
	at org.apache.catalina.core.ApplicationFilterChain.doFilter(ApplicationFilterChain.java:140)
	at org.apache.catalina.core.StandardWrapperValve.invoke(StandardWrapperValve.java:167)
	at org.apache.catalina.core.StandardContextValve.invoke(StandardContextValve.java:90)
	at org.apache.catalina.authenticator.AuthenticatorBase.invoke(AuthenticatorBase.java:483)
	at org.apache.catalina.core.StandardHostValve.invoke(StandardHostValve.java:116)
	at org.apache.catalina.valves.ErrorReportValve.invoke(ErrorReportValve.java:93)
	at org.apache.catalina.core.StandardEngineValve.invoke(StandardEngineValve.java:74)
	at org.apache.catalina.connector.CoyoteAdapter.service(CoyoteAdapter.java:344)
	at org.apache.coyote.http11.Http11Processor.service(Http11Processor.java:398)
	at org.apache.coyote.AbstractProcessorLight.process(AbstractProcessorLight.java:63)
	at org.apache.coyote.AbstractProtocol$ConnectionHandler.process(AbstractProtocol.java:903)
	at org.apache.tomcat.util.net.NioEndpoint$SocketProcessor.doRun(NioEndpoint.java:1769)
	at org.apache.tomcat.util.net.SocketProcessorBase.run(SocketProcessorBase.java:52)
	at org.apache.tomcat.util.threads.ThreadPoolExecutor.runWorker(ThreadPoolExecutor.java:1189)
	at org.apache.tomcat.util.threads.ThreadPoolExecutor$Worker.run(ThreadPoolExecutor.java:658)
	at org.apache.tomcat.util.threads.TaskThread$WrappingRunnable.run(TaskThread.java:63)
	at java.base/java.lang.Thread.run(Thread.java:1583)
2025-07-22 01:14:20.731 [http-nio-8080-exec-6] INFO  com.itxuan.controller.EmpController - 添加员工，参数：Emp(id=null, username=zhanghao23, password=null, name=张浩23, gender=1, phone=18803591234, job=1, salary=8000, image=https://web-framework.oss-cn-hangzhou.aliyuncs.com/2022-09-03-07-37-38222.jpg, entryDate=2022-09-18, deptId=1, createTime=null, updateTime=null, deptName=null, exprList=[EmpExpr(id=null, empId=null, begin=2012-07-01, end=2019-03-03, company=百度科技股份有限公司, job=java开发), EmpExpr(id=null, empId=null, begin=2019-03-15, end=2023-03-01, company=阿里巴巴科技股份有限公司, job=架构师)])
2025-07-22 01:15:08.789 [http-nio-8080-exec-7] INFO  com.itxuan.controller.EmpController - 分页查询，参数：EmpQueryParam(name=, gender=null, begin=null, end=null, page=1, pageSize=10)
2025-07-22 01:15:18.918 [http-nio-8080-exec-9] INFO  com.itxuan.controller.EmpController - 分页查询，参数：EmpQueryParam(name=, gender=1, begin=null, end=null, page=1, pageSize=10)
2025-07-22 01:15:21.071 [http-nio-8080-exec-10] INFO  com.itxuan.controller.EmpController - 分页查询，参数：EmpQueryParam(name=, gender=1, begin=null, end=null, page=4, pageSize=10)
2025-07-22 01:15:22.407 [http-nio-8080-exec-2] INFO  com.itxuan.controller.EmpController - 分页查询，参数：EmpQueryParam(name=, gender=1, begin=null, end=null, page=3, pageSize=10)
2025-07-22 01:15:25.245 [http-nio-8080-exec-3] INFO  com.itxuan.controller.EmpController - 分页查询，参数：EmpQueryParam(name=, gender=1, begin=null, end=null, page=1, pageSize=40)
2025-07-22 01:15:25.245 [http-nio-8080-exec-1] INFO  com.itxuan.controller.EmpController - 分页查询，参数：EmpQueryParam(name=, gender=1, begin=null, end=null, page=3, pageSize=40)
2025-07-22 01:15:28.218 [http-nio-8080-exec-5] INFO  com.itxuan.controller.EmpController - 分页查询，参数：EmpQueryParam(name=, gender=1, begin=null, end=null, page=1, pageSize=10)
2025-07-22 01:15:37.150 [http-nio-8080-exec-6] INFO  com.itxuan.controller.EmpController - 分页查询，参数：EmpQueryParam(name=张, gender=1, begin=null, end=null, page=1, pageSize=10)
2025-07-22 01:17:58.418 [http-nio-8080-exec-9] INFO  com.itxuan.controller.EmpController - 添加员工，参数：Emp(id=null, username=zhanghao12, password=null, name=张浩12, gender=1, phone=17865428951, job=6, salary=150000, image=, entryDate=2023-07-26, deptId=2, createTime=null, updateTime=null, deptName=null, exprList=[EmpExpr(id=null, empId=null, begin=2025-07-20, end=2025-08-16, company=阿里巴巴, job=软件工程师)])
2025-07-22 01:18:04.221 [http-nio-8080-exec-10] INFO  com.itxuan.controller.EmpController - 分页查询，参数：EmpQueryParam(name=张, gender=1, begin=null, end=null, page=1, pageSize=10)
2025-07-22 01:18:09.227 [http-nio-8080-exec-2] INFO  com.itxuan.controller.EmpController - 分页查询，参数：EmpQueryParam(name=张, gender=1, begin=null, end=null, page=1, pageSize=10)
2025-07-22 01:18:20.682 [SpringApplicationShutdownHook] INFO  o.s.b.w.e.tomcat.GracefulShutdown - Commencing graceful shutdown. Waiting for active requests to complete
2025-07-22 01:18:20.695 [tomcat-shutdown] INFO  o.s.b.w.e.tomcat.GracefulShutdown - Graceful shutdown complete
2025-07-22 01:18:20.695 [SpringApplicationShutdownHook] INFO  com.zaxxer.hikari.HikariDataSource - HikariPool-1 - Shutdown initiated...
2025-07-22 01:18:20.695 [SpringApplicationShutdownHook] INFO  com.zaxxer.hikari.HikariDataSource - HikariPool-1 - Shutdown completed.
2025-07-22 05:06:54.745 [main] INFO  c.itxuan.TliasManagementApplication - Starting TliasManagementApplication using Java 21.0.7 with PID 24072 (E:\project\Actual-develop\Tlias-educate-management\web-ai-Tlias\Tlias-management\target\classes started by Administrator in E:\project\Actual-develop\Tlias-educate-management\web-ai-Tlias)
2025-07-22 05:06:54.746 [main] INFO  c.itxuan.TliasManagementApplication - No active profile set, falling back to 1 default profile: "default"
2025-07-22 05:06:55.523 [main] INFO  o.s.b.w.e.tomcat.TomcatWebServer - Tomcat initialized with port 8080 (http)
2025-07-22 05:06:55.544 [main] INFO  o.a.coyote.http11.Http11NioProtocol - Initializing ProtocolHandler ["http-nio-8080"]
2025-07-22 05:06:55.545 [main] INFO  o.a.catalina.core.StandardService - Starting service [Tomcat]
2025-07-22 05:06:55.545 [main] INFO  o.a.catalina.core.StandardEngine - Starting Servlet engine: [Apache Tomcat/10.1.42]
2025-07-22 05:06:55.578 [main] INFO  o.a.c.c.C.[Tomcat].[localhost].[/] - Initializing Spring embedded WebApplicationContext
2025-07-22 05:06:55.578 [main] INFO  o.s.b.w.s.c.ServletWebServerApplicationContext - Root WebApplicationContext: initialization completed in 794 ms
2025-07-22 05:06:56.086 [main] INFO  o.a.coyote.http11.Http11NioProtocol - Starting ProtocolHandler ["http-nio-8080"]
2025-07-22 05:06:56.100 [main] INFO  o.s.b.w.e.tomcat.TomcatWebServer - Tomcat started on port 8080 (http) with context path '/'
2025-07-22 05:06:56.105 [main] INFO  c.itxuan.TliasManagementApplication - Started TliasManagementApplication in 1.68 seconds (process running for 2.917)
2025-07-22 05:07:41.606 [SpringApplicationShutdownHook] INFO  o.s.b.w.e.tomcat.GracefulShutdown - Commencing graceful shutdown. Waiting for active requests to complete
2025-07-22 05:07:41.612 [tomcat-shutdown] INFO  o.s.b.w.e.tomcat.GracefulShutdown - Graceful shutdown complete
2025-07-22 05:07:44.119 [main] INFO  c.itxuan.TliasManagementApplication - Starting TliasManagementApplication using Java 21.0.7 with PID 2540 (E:\project\Actual-develop\Tlias-educate-management\web-ai-Tlias\Tlias-management\target\classes started by Administrator in E:\project\Actual-develop\Tlias-educate-management\web-ai-Tlias)
2025-07-22 05:07:44.120 [main] INFO  c.itxuan.TliasManagementApplication - No active profile set, falling back to 1 default profile: "default"
2025-07-22 05:07:44.771 [main] INFO  o.s.b.w.e.tomcat.TomcatWebServer - Tomcat initialized with port 8080 (http)
2025-07-22 05:07:44.781 [main] INFO  o.a.coyote.http11.Http11NioProtocol - Initializing ProtocolHandler ["http-nio-8080"]
2025-07-22 05:07:44.782 [main] INFO  o.a.catalina.core.StandardService - Starting service [Tomcat]
2025-07-22 05:07:44.782 [main] INFO  o.a.catalina.core.StandardEngine - Starting Servlet engine: [Apache Tomcat/10.1.42]
2025-07-22 05:07:44.812 [main] INFO  o.a.c.c.C.[Tomcat].[localhost].[/] - Initializing Spring embedded WebApplicationContext
2025-07-22 05:07:44.813 [main] INFO  o.s.b.w.s.c.ServletWebServerApplicationContext - Root WebApplicationContext: initialization completed in 666 ms
2025-07-22 05:07:45.276 [main] INFO  o.a.coyote.http11.Http11NioProtocol - Starting ProtocolHandler ["http-nio-8080"]
2025-07-22 05:07:45.288 [main] INFO  o.s.b.w.e.tomcat.TomcatWebServer - Tomcat started on port 8080 (http) with context path '/'
2025-07-22 05:07:45.293 [main] INFO  c.itxuan.TliasManagementApplication - Started TliasManagementApplication in 1.454 seconds (process running for 2.058)
2025-07-22 05:08:06.837 [http-nio-8080-exec-1] INFO  o.a.c.c.C.[Tomcat].[localhost].[/] - Initializing Spring DispatcherServlet 'dispatcherServlet'
2025-07-22 05:08:06.837 [http-nio-8080-exec-1] INFO  o.s.web.servlet.DispatcherServlet - Initializing Servlet 'dispatcherServlet'
2025-07-22 05:08:06.837 [http-nio-8080-exec-1] INFO  o.s.web.servlet.DispatcherServlet - Completed initialization in 0 ms
2025-07-22 05:08:06.880 [http-nio-8080-exec-1] INFO  com.zaxxer.hikari.HikariDataSource - HikariPool-1 - Starting...
2025-07-22 05:08:07.201 [http-nio-8080-exec-1] INFO  com.zaxxer.hikari.pool.HikariPool - HikariPool-1 - Added connection com.mysql.cj.jdbc.ConnectionImpl@50ba0399
2025-07-22 05:08:07.202 [http-nio-8080-exec-1] INFO  com.zaxxer.hikari.HikariDataSource - HikariPool-1 - Start completed.
2025-07-22 05:08:09.321 [http-nio-8080-exec-2] INFO  com.itxuan.controller.EmpController - 分页查询，参数：EmpQueryParam(name=, gender=null, begin=null, end=null, page=1, pageSize=10)
2025-07-22 05:09:03.376 [http-nio-8080-exec-4] INFO  com.itxuan.controller.EmpController - 添加员工，参数：Emp(id=null, username=aaaa, password=null, name=aa123, gender=1, phone=19223568751, job=4, salary=156326, image=, entryDate=2023-07-10, deptId=5, createTime=null, updateTime=null, deptName=null, exprList=[EmpExpr(id=null, empId=null, begin=2023-07-02, end=2023-08-26, company=腾讯, job=咸鱼)])
2025-07-22 05:09:03.382 [http-nio-8080-exec-4] DEBUG o.s.j.support.JdbcTransactionManager - Creating new transaction with name [com.itxuan.service.Impl.EmpServiceImpl.save]: PROPAGATION_REQUIRED,ISOLATION_DEFAULT,-java.lang.Exception
2025-07-22 05:09:03.383 [http-nio-8080-exec-4] DEBUG o.s.j.support.JdbcTransactionManager - Acquired Connection [HikariProxyConnection@160988651 wrapping com.mysql.cj.jdbc.ConnectionImpl@50ba0399] for JDBC transaction
2025-07-22 05:09:03.385 [http-nio-8080-exec-4] DEBUG o.s.j.support.JdbcTransactionManager - Switching JDBC Connection [HikariProxyConnection@160988651 wrapping com.mysql.cj.jdbc.ConnectionImpl@50ba0399] to manual commit
2025-07-22 05:09:03.394 [http-nio-8080-exec-4] DEBUG o.s.j.support.JdbcTransactionManager - Suspending current transaction, creating new transaction with name [com.itxuan.service.Impl.EmpLogServiceImpl.insertLog]
2025-07-22 05:09:03.395 [http-nio-8080-exec-4] DEBUG o.s.j.support.JdbcTransactionManager - Acquired Connection [HikariProxyConnection@1748312009 wrapping com.mysql.cj.jdbc.ConnectionImpl@611e3276] for JDBC transaction
2025-07-22 05:09:03.395 [http-nio-8080-exec-4] DEBUG o.s.j.support.JdbcTransactionManager - Switching JDBC Connection [HikariProxyConnection@1748312009 wrapping com.mysql.cj.jdbc.ConnectionImpl@611e3276] to manual commit
2025-07-22 05:09:03.401 [http-nio-8080-exec-4] DEBUG o.s.j.support.JdbcTransactionManager - Initiating transaction commit
2025-07-22 05:09:03.402 [http-nio-8080-exec-4] DEBUG o.s.j.support.JdbcTransactionManager - Committing JDBC transaction on Connection [HikariProxyConnection@1748312009 wrapping com.mysql.cj.jdbc.ConnectionImpl@611e3276]
2025-07-22 05:09:03.403 [http-nio-8080-exec-4] DEBUG o.s.j.support.JdbcTransactionManager - Releasing JDBC Connection [HikariProxyConnection@1748312009 wrapping com.mysql.cj.jdbc.ConnectionImpl@611e3276] after transaction
2025-07-22 05:09:03.403 [http-nio-8080-exec-4] DEBUG o.s.j.support.JdbcTransactionManager - Resuming suspended transaction after completion of inner transaction
2025-07-22 05:09:03.404 [http-nio-8080-exec-4] DEBUG o.s.j.support.JdbcTransactionManager - Initiating transaction rollback
2025-07-22 05:09:03.404 [http-nio-8080-exec-4] DEBUG o.s.j.support.JdbcTransactionManager - Rolling back JDBC transaction on Connection [HikariProxyConnection@160988651 wrapping com.mysql.cj.jdbc.ConnectionImpl@50ba0399]
2025-07-22 05:09:03.405 [http-nio-8080-exec-4] DEBUG o.s.j.support.JdbcTransactionManager - Releasing JDBC Connection [HikariProxyConnection@160988651 wrapping com.mysql.cj.jdbc.ConnectionImpl@50ba0399] after transaction
2025-07-22 05:09:03.409 [http-nio-8080-exec-4] ERROR o.a.c.c.C.[.[.[.[dispatcherServlet] - Servlet.service() for servlet [dispatcherServlet] in context with path [] threw exception [Request processing failed: java.lang.ArithmeticException: / by zero] with root cause
java.lang.ArithmeticException: / by zero
	at com.itxuan.service.Impl.EmpServiceImpl.save(EmpServiceImpl.java:83)
	at java.base/jdk.internal.reflect.DirectMethodHandleAccessor.invoke(DirectMethodHandleAccessor.java:103)
	at java.base/java.lang.reflect.Method.invoke(Method.java:580)
	at org.springframework.aop.support.AopUtils.invokeJoinpointUsingReflection(AopUtils.java:359)
	at org.springframework.aop.framework.ReflectiveMethodInvocation.invokeJoinpoint(ReflectiveMethodInvocation.java:196)
	at org.springframework.aop.framework.ReflectiveMethodInvocation.proceed(ReflectiveMethodInvocation.java:163)
	at org.springframework.transaction.interceptor.TransactionAspectSupport.invokeWithinTransaction(TransactionAspectSupport.java:380)
	at org.springframework.transaction.interceptor.TransactionInterceptor.invoke(TransactionInterceptor.java:119)
	at org.springframework.aop.framework.ReflectiveMethodInvocation.proceed(ReflectiveMethodInvocation.java:184)
	at org.springframework.aop.framework.CglibAopProxy$DynamicAdvisedInterceptor.intercept(CglibAopProxy.java:728)
	at com.itxuan.service.Impl.EmpServiceImpl$$SpringCGLIB$$0.save(<generated>)
	at com.itxuan.controller.EmpController.save(EmpController.java:38)
	at java.base/jdk.internal.reflect.DirectMethodHandleAccessor.invoke(DirectMethodHandleAccessor.java:103)
	at java.base/java.lang.reflect.Method.invoke(Method.java:580)
	at org.springframework.web.method.support.InvocableHandlerMethod.doInvoke(InvocableHandlerMethod.java:258)
	at org.springframework.web.method.support.InvocableHandlerMethod.invokeForRequest(InvocableHandlerMethod.java:191)
	at org.springframework.web.servlet.mvc.method.annotation.ServletInvocableHandlerMethod.invokeAndHandle(ServletInvocableHandlerMethod.java:118)
	at org.springframework.web.servlet.mvc.method.annotation.RequestMappingHandlerAdapter.invokeHandlerMethod(RequestMappingHandlerAdapter.java:986)
	at org.springframework.web.servlet.mvc.method.annotation.RequestMappingHandlerAdapter.handleInternal(RequestMappingHandlerAdapter.java:891)
	at org.springframework.web.servlet.mvc.method.AbstractHandlerMethodAdapter.handle(AbstractHandlerMethodAdapter.java:87)
	at org.springframework.web.servlet.DispatcherServlet.doDispatch(DispatcherServlet.java:1089)
	at org.springframework.web.servlet.DispatcherServlet.doService(DispatcherServlet.java:979)
	at org.springframework.web.servlet.FrameworkServlet.processRequest(FrameworkServlet.java:1014)
	at org.springframework.web.servlet.FrameworkServlet.doPost(FrameworkServlet.java:914)
	at jakarta.servlet.http.HttpServlet.service(HttpServlet.java:590)
	at org.springframework.web.servlet.FrameworkServlet.service(FrameworkServlet.java:885)
	at jakarta.servlet.http.HttpServlet.service(HttpServlet.java:658)
	at org.apache.catalina.core.ApplicationFilterChain.internalDoFilter(ApplicationFilterChain.java:195)
	at org.apache.catalina.core.ApplicationFilterChain.doFilter(ApplicationFilterChain.java:140)
	at org.apache.tomcat.websocket.server.WsFilter.doFilter(WsFilter.java:51)
	at org.apache.catalina.core.ApplicationFilterChain.internalDoFilter(ApplicationFilterChain.java:164)
	at org.apache.catalina.core.ApplicationFilterChain.doFilter(ApplicationFilterChain.java:140)
	at org.springframework.web.filter.RequestContextFilter.doFilterInternal(RequestContextFilter.java:100)
	at org.springframework.web.filter.OncePerRequestFilter.doFilter(OncePerRequestFilter.java:116)
	at org.apache.catalina.core.ApplicationFilterChain.internalDoFilter(ApplicationFilterChain.java:164)
	at org.apache.catalina.core.ApplicationFilterChain.doFilter(ApplicationFilterChain.java:140)
	at org.springframework.web.filter.FormContentFilter.doFilterInternal(FormContentFilter.java:93)
	at org.springframework.web.filter.OncePerRequestFilter.doFilter(OncePerRequestFilter.java:116)
	at org.apache.catalina.core.ApplicationFilterChain.internalDoFilter(ApplicationFilterChain.java:164)
	at org.apache.catalina.core.ApplicationFilterChain.doFilter(ApplicationFilterChain.java:140)
	at org.springframework.web.filter.CharacterEncodingFilter.doFilterInternal(CharacterEncodingFilter.java:201)
	at org.springframework.web.filter.OncePerRequestFilter.doFilter(OncePerRequestFilter.java:116)
	at org.apache.catalina.core.ApplicationFilterChain.internalDoFilter(ApplicationFilterChain.java:164)
	at org.apache.catalina.core.ApplicationFilterChain.doFilter(ApplicationFilterChain.java:140)
	at org.apache.catalina.core.StandardWrapperValve.invoke(StandardWrapperValve.java:167)
	at org.apache.catalina.core.StandardContextValve.invoke(StandardContextValve.java:90)
	at org.apache.catalina.authenticator.AuthenticatorBase.invoke(AuthenticatorBase.java:483)
	at org.apache.catalina.core.StandardHostValve.invoke(StandardHostValve.java:116)
	at org.apache.catalina.valves.ErrorReportValve.invoke(ErrorReportValve.java:93)
	at org.apache.catalina.core.StandardEngineValve.invoke(StandardEngineValve.java:74)
	at org.apache.catalina.connector.CoyoteAdapter.service(CoyoteAdapter.java:344)
	at org.apache.coyote.http11.Http11Processor.service(Http11Processor.java:398)
	at org.apache.coyote.AbstractProcessorLight.process(AbstractProcessorLight.java:63)
	at org.apache.coyote.AbstractProtocol$ConnectionHandler.process(AbstractProtocol.java:903)
	at org.apache.tomcat.util.net.NioEndpoint$SocketProcessor.doRun(NioEndpoint.java:1769)
	at org.apache.tomcat.util.net.SocketProcessorBase.run(SocketProcessorBase.java:52)
	at org.apache.tomcat.util.threads.ThreadPoolExecutor.runWorker(ThreadPoolExecutor.java:1189)
	at org.apache.tomcat.util.threads.ThreadPoolExecutor$Worker.run(ThreadPoolExecutor.java:658)
	at org.apache.tomcat.util.threads.TaskThread$WrappingRunnable.run(TaskThread.java:63)
	at java.base/java.lang.Thread.run(Thread.java:1583)
2025-07-22 05:10:33.012 [SpringApplicationShutdownHook] INFO  o.s.b.w.e.tomcat.GracefulShutdown - Commencing graceful shutdown. Waiting for active requests to complete
2025-07-22 05:10:33.016 [tomcat-shutdown] INFO  o.s.b.w.e.tomcat.GracefulShutdown - Graceful shutdown complete
2025-07-22 05:10:33.019 [SpringApplicationShutdownHook] INFO  com.zaxxer.hikari.HikariDataSource - HikariPool-1 - Shutdown initiated...
2025-07-22 05:10:33.057 [SpringApplicationShutdownHook] INFO  com.zaxxer.hikari.HikariDataSource - HikariPool-1 - Shutdown completed.
2025-07-22 05:38:09.575 [main] INFO  c.itxuan.TliasManagementApplication - Starting TliasManagementApplication using Java 21.0.7 with PID 13992 (E:\project\Actual-develop\Tlias-educate-management\web-ai-Tlias\Tlias-management\target\classes started by Administrator in E:\project\Actual-develop\Tlias-educate-management\web-ai-Tlias)
2025-07-22 05:38:09.576 [main] INFO  c.itxuan.TliasManagementApplication - No active profile set, falling back to 1 default profile: "default"
2025-07-22 05:38:10.269 [main] INFO  o.s.b.w.e.tomcat.TomcatWebServer - Tomcat initialized with port 8080 (http)
2025-07-22 05:38:10.278 [main] INFO  o.a.coyote.http11.Http11NioProtocol - Initializing ProtocolHandler ["http-nio-8080"]
2025-07-22 05:38:10.279 [main] INFO  o.a.catalina.core.StandardService - Starting service [Tomcat]
2025-07-22 05:38:10.279 [main] INFO  o.a.catalina.core.StandardEngine - Starting Servlet engine: [Apache Tomcat/10.1.42]
2025-07-22 05:38:10.310 [main] INFO  o.a.c.c.C.[Tomcat].[localhost].[/] - Initializing Spring embedded WebApplicationContext
2025-07-22 05:38:10.310 [main] INFO  o.s.b.w.s.c.ServletWebServerApplicationContext - Root WebApplicationContext: initialization completed in 701 ms
2025-07-22 05:38:10.553 [main] INFO  o.s.b.a.w.s.WelcomePageHandlerMapping - Adding welcome page: class path resource [static/index.html]
2025-07-22 05:38:10.794 [main] INFO  o.a.coyote.http11.Http11NioProtocol - Starting ProtocolHandler ["http-nio-8080"]
2025-07-22 05:38:10.809 [main] INFO  o.s.b.w.e.tomcat.TomcatWebServer - Tomcat started on port 8080 (http) with context path '/'
2025-07-22 05:38:10.816 [main] INFO  c.itxuan.TliasManagementApplication - Started TliasManagementApplication in 1.508 seconds (process running for 2.094)
2025-07-22 05:38:28.832 [http-nio-8080-exec-1] INFO  o.a.c.c.C.[Tomcat].[localhost].[/] - Initializing Spring DispatcherServlet 'dispatcherServlet'
2025-07-22 05:38:28.832 [http-nio-8080-exec-1] INFO  o.s.web.servlet.DispatcherServlet - Initializing Servlet 'dispatcherServlet'
2025-07-22 05:38:28.833 [http-nio-8080-exec-1] INFO  o.s.web.servlet.DispatcherServlet - Completed initialization in 1 ms
2025-07-22 05:40:45.547 [http-nio-8080-exec-4] INFO  c.itxuan.controller.UploadController - 上传文件，参数：username=tom,file=org.springframework.web.multipart.support.StandardMultipartHttpServletRequest$StandardMultipartFile@4e01dbdf
2025-07-22 05:42:13.093 [SpringApplicationShutdownHook] INFO  o.s.b.w.e.tomcat.GracefulShutdown - Commencing graceful shutdown. Waiting for active requests to complete
2025-07-22 05:42:13.097 [tomcat-shutdown] INFO  o.s.b.w.e.tomcat.GracefulShutdown - Graceful shutdown complete
2025-07-22 05:45:55.358 [main] INFO  c.itxuan.TliasManagementApplication - Starting TliasManagementApplication using Java 21.0.7 with PID 17312 (E:\project\Actual-develop\Tlias-educate-management\web-ai-Tlias\Tlias-management\target\classes started by Administrator in E:\project\Actual-develop\Tlias-educate-management\web-ai-Tlias)
2025-07-22 05:45:55.360 [main] INFO  c.itxuan.TliasManagementApplication - No active profile set, falling back to 1 default profile: "default"
2025-07-22 05:45:56.078 [main] INFO  o.s.b.w.e.tomcat.TomcatWebServer - Tomcat initialized with port 8080 (http)
2025-07-22 05:45:56.089 [main] INFO  o.a.coyote.http11.Http11NioProtocol - Initializing ProtocolHandler ["http-nio-8080"]
2025-07-22 05:45:56.091 [main] INFO  o.a.catalina.core.StandardService - Starting service [Tomcat]
2025-07-22 05:45:56.091 [main] INFO  o.a.catalina.core.StandardEngine - Starting Servlet engine: [Apache Tomcat/10.1.42]
2025-07-22 05:45:56.125 [main] INFO  o.a.c.c.C.[Tomcat].[localhost].[/] - Initializing Spring embedded WebApplicationContext
2025-07-22 05:45:56.125 [main] INFO  o.s.b.w.s.c.ServletWebServerApplicationContext - Root WebApplicationContext: initialization completed in 734 ms
2025-07-22 05:45:56.370 [main] INFO  o.s.b.a.w.s.WelcomePageHandlerMapping - Adding welcome page: class path resource [static/index.html]
2025-07-22 05:45:56.601 [main] INFO  o.a.coyote.http11.Http11NioProtocol - Starting ProtocolHandler ["http-nio-8080"]
2025-07-22 05:45:56.617 [main] INFO  o.s.b.w.e.tomcat.TomcatWebServer - Tomcat started on port 8080 (http) with context path '/'
2025-07-22 05:45:56.624 [main] INFO  c.itxuan.TliasManagementApplication - Started TliasManagementApplication in 1.567 seconds (process running for 2.154)
2025-07-22 05:45:57.936 [http-nio-8080-exec-1] INFO  o.a.c.c.C.[Tomcat].[localhost].[/] - Initializing Spring DispatcherServlet 'dispatcherServlet'
2025-07-22 05:45:57.936 [http-nio-8080-exec-1] INFO  o.s.web.servlet.DispatcherServlet - Initializing Servlet 'dispatcherServlet'
2025-07-22 05:45:57.937 [http-nio-8080-exec-1] INFO  o.s.web.servlet.DispatcherServlet - Completed initialization in 0 ms
2025-07-22 05:46:08.469 [http-nio-8080-exec-2] INFO  c.itxuan.controller.UploadController - 上传文件，参数：username=tom,file=org.springframework.web.multipart.support.StandardMultipartHttpServletRequest$StandardMultipartFile@6b267e8a
2025-07-22 05:48:07.848 [SpringApplicationShutdownHook] INFO  o.s.b.w.e.tomcat.GracefulShutdown - Commencing graceful shutdown. Waiting for active requests to complete
2025-07-22 05:48:07.852 [tomcat-shutdown] INFO  o.s.b.w.e.tomcat.GracefulShutdown - Graceful shutdown complete
2025-07-22 05:48:10.346 [main] INFO  c.itxuan.TliasManagementApplication - Starting TliasManagementApplication using Java 21.0.7 with PID 12432 (E:\project\Actual-develop\Tlias-educate-management\web-ai-Tlias\Tlias-management\target\classes started by Administrator in E:\project\Actual-develop\Tlias-educate-management\web-ai-Tlias)
2025-07-22 05:48:10.347 [main] INFO  c.itxuan.TliasManagementApplication - No active profile set, falling back to 1 default profile: "default"
2025-07-22 05:48:11.041 [main] INFO  o.s.b.w.e.tomcat.TomcatWebServer - Tomcat initialized with port 8080 (http)
2025-07-22 05:48:11.051 [main] INFO  o.a.coyote.http11.Http11NioProtocol - Initializing ProtocolHandler ["http-nio-8080"]
2025-07-22 05:48:11.052 [main] INFO  o.a.catalina.core.StandardService - Starting service [Tomcat]
2025-07-22 05:48:11.052 [main] INFO  o.a.catalina.core.StandardEngine - Starting Servlet engine: [Apache Tomcat/10.1.42]
2025-07-22 05:48:11.083 [main] INFO  o.a.c.c.C.[Tomcat].[localhost].[/] - Initializing Spring embedded WebApplicationContext
2025-07-22 05:48:11.083 [main] INFO  o.s.b.w.s.c.ServletWebServerApplicationContext - Root WebApplicationContext: initialization completed in 704 ms
2025-07-22 05:48:11.311 [main] INFO  o.s.b.a.w.s.WelcomePageHandlerMapping - Adding welcome page: class path resource [static/index.html]
2025-07-22 05:48:11.521 [main] INFO  o.a.coyote.http11.Http11NioProtocol - Starting ProtocolHandler ["http-nio-8080"]
2025-07-22 05:48:11.537 [main] INFO  o.s.b.w.e.tomcat.TomcatWebServer - Tomcat started on port 8080 (http) with context path '/'
2025-07-22 05:48:11.544 [main] INFO  c.itxuan.TliasManagementApplication - Started TliasManagementApplication in 1.473 seconds (process running for 2.085)
2025-07-22 05:48:38.799 [http-nio-8080-exec-1] INFO  o.a.c.c.C.[Tomcat].[localhost].[/] - Initializing Spring DispatcherServlet 'dispatcherServlet'
2025-07-22 05:48:38.799 [http-nio-8080-exec-1] INFO  o.s.web.servlet.DispatcherServlet - Initializing Servlet 'dispatcherServlet'
2025-07-22 05:48:38.800 [http-nio-8080-exec-1] INFO  o.s.web.servlet.DispatcherServlet - Completed initialization in 1 ms
2025-07-22 05:48:47.278 [http-nio-8080-exec-2] INFO  c.itxuan.controller.UploadController - 上传文件，参数：username=tom,file=org.springframework.web.multipart.support.StandardMultipartHttpServletRequest$StandardMultipartFile@4335b110
2025-07-22 05:49:09.274 [SpringApplicationShutdownHook] INFO  o.s.b.w.e.tomcat.GracefulShutdown - Commencing graceful shutdown. Waiting for active requests to complete
2025-07-22 05:49:09.279 [tomcat-shutdown] INFO  o.s.b.w.e.tomcat.GracefulShutdown - Graceful shutdown complete
2025-07-22 05:50:18.722 [main] INFO  c.itxuan.TliasManagementApplication - Starting TliasManagementApplication using Java 21.0.7 with PID 6120 (E:\project\Actual-develop\Tlias-educate-management\web-ai-Tlias\Tlias-management\target\classes started by Administrator in E:\project\Actual-develop\Tlias-educate-management\web-ai-Tlias)
2025-07-22 05:50:18.722 [main] INFO  c.itxuan.TliasManagementApplication - No active profile set, falling back to 1 default profile: "default"
2025-07-22 05:50:19.713 [main] INFO  o.s.b.w.e.tomcat.TomcatWebServer - Tomcat initialized with port 8080 (http)
2025-07-22 05:50:19.751 [main] INFO  o.s.b.w.s.c.ServletWebServerApplicationContext - Root WebApplicationContext: initialization completed in 988 ms
2025-07-22 05:50:20.005 [main] INFO  o.s.b.a.w.s.WelcomePageHandlerMapping - Adding welcome page: class path resource [static/index.html]
2025-07-22 05:50:20.225 [main] INFO  o.s.b.w.e.tomcat.TomcatWebServer - Tomcat started on port 8080 (http) with context path '/'
2025-07-22 05:50:20.231 [main] INFO  c.itxuan.TliasManagementApplication - Started TliasManagementApplication in 1.966 seconds (process running for 2.69)
2025-07-22 05:50:20.233 [SpringApplicationShutdownHook] INFO  o.s.b.w.e.tomcat.GracefulShutdown - Commencing graceful shutdown. Waiting for active requests to complete
2025-07-22 05:50:20.235 [tomcat-shutdown] INFO  o.s.b.w.e.tomcat.GracefulShutdown - Graceful shutdown complete
2025-07-22 05:50:23.698 [main] INFO  c.itxuan.TliasManagementApplication - Starting TliasManagementApplication using Java 21.0.7 with PID 15036 (E:\project\Actual-develop\Tlias-educate-management\web-ai-Tlias\Tlias-management\target\classes started by Administrator in E:\project\Actual-develop\Tlias-educate-management\web-ai-Tlias)
2025-07-22 05:50:23.699 [main] INFO  c.itxuan.TliasManagementApplication - No active profile set, falling back to 1 default profile: "default"
2025-07-22 05:50:24.356 [main] INFO  o.s.b.w.e.tomcat.TomcatWebServer - Tomcat initialized with port 8080 (http)
2025-07-22 05:50:24.365 [main] INFO  o.a.coyote.http11.Http11NioProtocol - Initializing ProtocolHandler ["http-nio-8080"]
2025-07-22 05:50:24.367 [main] INFO  o.a.catalina.core.StandardService - Starting service [Tomcat]
2025-07-22 05:50:24.367 [main] INFO  o.a.catalina.core.StandardEngine - Starting Servlet engine: [Apache Tomcat/10.1.42]
2025-07-22 05:50:24.396 [main] INFO  o.a.c.c.C.[Tomcat].[localhost].[/] - Initializing Spring embedded WebApplicationContext
2025-07-22 05:50:24.397 [main] INFO  o.s.b.w.s.c.ServletWebServerApplicationContext - Root WebApplicationContext: initialization completed in 669 ms
2025-07-22 05:50:24.625 [main] INFO  o.s.b.a.w.s.WelcomePageHandlerMapping - Adding welcome page: class path resource [static/index.html]
2025-07-22 05:50:24.834 [main] INFO  o.a.coyote.http11.Http11NioProtocol - Starting ProtocolHandler ["http-nio-8080"]
2025-07-22 05:50:24.848 [main] INFO  o.s.b.w.e.tomcat.TomcatWebServer - Tomcat started on port 8080 (http) with context path '/'
2025-07-22 05:50:24.853 [main] INFO  c.itxuan.TliasManagementApplication - Started TliasManagementApplication in 1.439 seconds (process running for 2.012)
2025-07-22 05:50:55.366 [http-nio-8080-exec-1] INFO  o.a.c.c.C.[Tomcat].[localhost].[/] - Initializing Spring DispatcherServlet 'dispatcherServlet'
2025-07-22 05:50:55.366 [http-nio-8080-exec-1] INFO  o.s.web.servlet.DispatcherServlet - Initializing Servlet 'dispatcherServlet'
2025-07-22 05:50:55.366 [http-nio-8080-exec-1] INFO  o.s.web.servlet.DispatcherServlet - Completed initialization in 0 ms
2025-07-22 05:50:55.422 [http-nio-8080-exec-1] INFO  c.itxuan.controller.UploadController - 上传文件，参数：username=tom,file=org.springframework.web.multipart.support.StandardMultipartHttpServletRequest$StandardMultipartFile@134a06aa
2025-07-22 05:51:22.281 [SpringApplicationShutdownHook] INFO  o.s.b.w.e.tomcat.GracefulShutdown - Commencing graceful shutdown. Waiting for active requests to complete
2025-07-22 05:51:22.285 [tomcat-shutdown] INFO  o.s.b.w.e.tomcat.GracefulShutdown - Graceful shutdown complete
2025-07-22 05:51:24.818 [main] INFO  c.itxuan.TliasManagementApplication - Starting TliasManagementApplication using Java 21.0.7 with PID 28348 (E:\project\Actual-develop\Tlias-educate-management\web-ai-Tlias\Tlias-management\target\classes started by Administrator in E:\project\Actual-develop\Tlias-educate-management\web-ai-Tlias)
2025-07-22 05:51:24.820 [main] INFO  c.itxuan.TliasManagementApplication - No active profile set, falling back to 1 default profile: "default"
2025-07-22 05:51:25.470 [main] INFO  o.s.b.w.e.tomcat.TomcatWebServer - Tomcat initialized with port 8080 (http)
2025-07-22 05:51:25.478 [main] INFO  o.a.coyote.http11.Http11NioProtocol - Initializing ProtocolHandler ["http-nio-8080"]
2025-07-22 05:51:25.480 [main] INFO  o.a.catalina.core.StandardService - Starting service [Tomcat]
2025-07-22 05:51:25.480 [main] INFO  o.a.catalina.core.StandardEngine - Starting Servlet engine: [Apache Tomcat/10.1.42]
2025-07-22 05:51:25.511 [main] INFO  o.a.c.c.C.[Tomcat].[localhost].[/] - Initializing Spring embedded WebApplicationContext
2025-07-22 05:51:25.511 [main] INFO  o.s.b.w.s.c.ServletWebServerApplicationContext - Root WebApplicationContext: initialization completed in 662 ms
2025-07-22 05:51:25.741 [main] INFO  o.s.b.a.w.s.WelcomePageHandlerMapping - Adding welcome page: class path resource [static/index.html]
2025-07-22 05:51:25.983 [main] INFO  o.a.coyote.http11.Http11NioProtocol - Starting ProtocolHandler ["http-nio-8080"]
2025-07-22 05:51:25.998 [main] INFO  o.s.b.w.e.tomcat.TomcatWebServer - Tomcat started on port 8080 (http) with context path '/'
2025-07-22 05:51:26.005 [main] INFO  c.itxuan.TliasManagementApplication - Started TliasManagementApplication in 1.484 seconds (process running for 2.102)
2025-07-22 05:51:29.882 [http-nio-8080-exec-1] INFO  o.a.c.c.C.[Tomcat].[localhost].[/] - Initializing Spring DispatcherServlet 'dispatcherServlet'
2025-07-22 05:51:29.882 [http-nio-8080-exec-1] INFO  o.s.web.servlet.DispatcherServlet - Initializing Servlet 'dispatcherServlet'
2025-07-22 05:51:29.883 [http-nio-8080-exec-1] INFO  o.s.web.servlet.DispatcherServlet - Completed initialization in 1 ms
2025-07-22 05:51:29.920 [http-nio-8080-exec-1] INFO  c.itxuan.controller.UploadController - 上传文件，参数：username=tom,file=org.springframework.web.multipart.support.StandardMultipartHttpServletRequest$StandardMultipartFile@3213e7e3
2025-07-22 05:51:37.087 [http-nio-8080-exec-2] INFO  c.itxuan.controller.UploadController - 上传文件，参数：username=tom,file=org.springframework.web.multipart.support.StandardMultipartHttpServletRequest$StandardMultipartFile@5982fcc8
2025-07-22 05:51:58.995 [SpringApplicationShutdownHook] INFO  o.s.b.w.e.tomcat.GracefulShutdown - Commencing graceful shutdown. Waiting for active requests to complete
2025-07-22 05:51:59.000 [tomcat-shutdown] INFO  o.s.b.w.e.tomcat.GracefulShutdown - Graceful shutdown complete
2025-07-22 05:52:01.433 [main] INFO  c.itxuan.TliasManagementApplication - Starting TliasManagementApplication using Java 21.0.7 with PID 19656 (E:\project\Actual-develop\Tlias-educate-management\web-ai-Tlias\Tlias-management\target\classes started by Administrator in E:\project\Actual-develop\Tlias-educate-management\web-ai-Tlias)
2025-07-22 05:52:01.435 [main] INFO  c.itxuan.TliasManagementApplication - No active profile set, falling back to 1 default profile: "default"
2025-07-22 05:52:02.155 [main] INFO  o.s.b.w.e.tomcat.TomcatWebServer - Tomcat initialized with port 8080 (http)
2025-07-22 05:52:02.165 [main] INFO  o.a.coyote.http11.Http11NioProtocol - Initializing ProtocolHandler ["http-nio-8080"]
2025-07-22 05:52:02.167 [main] INFO  o.a.catalina.core.StandardService - Starting service [Tomcat]
2025-07-22 05:52:02.167 [main] INFO  o.a.catalina.core.StandardEngine - Starting Servlet engine: [Apache Tomcat/10.1.42]
2025-07-22 05:52:02.201 [main] INFO  o.a.c.c.C.[Tomcat].[localhost].[/] - Initializing Spring embedded WebApplicationContext
2025-07-22 05:52:02.201 [main] INFO  o.s.b.w.s.c.ServletWebServerApplicationContext - Root WebApplicationContext: initialization completed in 733 ms
2025-07-22 05:52:02.456 [main] INFO  o.s.b.a.w.s.WelcomePageHandlerMapping - Adding welcome page: class path resource [static/index.html]
2025-07-22 05:52:02.710 [main] INFO  o.a.coyote.http11.Http11NioProtocol - Starting ProtocolHandler ["http-nio-8080"]
2025-07-22 05:52:02.725 [main] INFO  o.s.b.w.e.tomcat.TomcatWebServer - Tomcat started on port 8080 (http) with context path '/'
2025-07-22 05:52:02.731 [main] INFO  c.itxuan.TliasManagementApplication - Started TliasManagementApplication in 1.568 seconds (process running for 2.16)
2025-07-22 05:52:05.110 [http-nio-8080-exec-1] INFO  o.a.c.c.C.[Tomcat].[localhost].[/] - Initializing Spring DispatcherServlet 'dispatcherServlet'
2025-07-22 05:52:05.111 [http-nio-8080-exec-1] INFO  o.s.web.servlet.DispatcherServlet - Initializing Servlet 'dispatcherServlet'
2025-07-22 05:52:05.111 [http-nio-8080-exec-1] INFO  o.s.web.servlet.DispatcherServlet - Completed initialization in 0 ms
2025-07-22 05:52:05.151 [http-nio-8080-exec-1] INFO  c.itxuan.controller.UploadController - 上传文件，参数：username=tom,file=org.springframework.web.multipart.support.StandardMultipartHttpServletRequest$StandardMultipartFile@4dcabf26
2025-07-22 05:52:15.301 [SpringApplicationShutdownHook] INFO  o.s.b.w.e.tomcat.GracefulShutdown - Commencing graceful shutdown. Waiting for active requests to complete
2025-07-22 05:52:15.303 [tomcat-shutdown] INFO  o.s.b.w.e.tomcat.GracefulShutdown - Graceful shutdown complete
2025-07-22 06:00:49.575 [main] INFO  c.itxuan.TliasManagementApplication - Starting TliasManagementApplication using Java 21.0.7 with PID 1856 (E:\project\Actual-develop\Tlias-educate-management\web-ai-Tlias\Tlias-management\target\classes started by Administrator in E:\project\Actual-develop\Tlias-educate-management\web-ai-Tlias)
2025-07-22 06:00:49.576 [main] INFO  c.itxuan.TliasManagementApplication - No active profile set, falling back to 1 default profile: "default"
2025-07-22 06:00:50.296 [main] INFO  o.s.b.w.e.tomcat.TomcatWebServer - Tomcat initialized with port 8080 (http)
2025-07-22 06:00:50.306 [main] INFO  o.a.coyote.http11.Http11NioProtocol - Initializing ProtocolHandler ["http-nio-8080"]
2025-07-22 06:00:50.307 [main] INFO  o.a.catalina.core.StandardService - Starting service [Tomcat]
2025-07-22 06:00:50.309 [main] INFO  o.a.catalina.core.StandardEngine - Starting Servlet engine: [Apache Tomcat/10.1.42]
2025-07-22 06:00:50.343 [main] INFO  o.a.c.c.C.[Tomcat].[localhost].[/] - Initializing Spring embedded WebApplicationContext
2025-07-22 06:00:50.343 [main] INFO  o.s.b.w.s.c.ServletWebServerApplicationContext - Root WebApplicationContext: initialization completed in 736 ms
2025-07-22 06:00:50.621 [main] INFO  o.s.b.a.w.s.WelcomePageHandlerMapping - Adding welcome page: class path resource [static/index.html]
2025-07-22 06:00:50.847 [main] INFO  o.a.coyote.http11.Http11NioProtocol - Starting ProtocolHandler ["http-nio-8080"]
2025-07-22 06:00:50.863 [main] INFO  o.s.b.w.e.tomcat.TomcatWebServer - Tomcat started on port 8080 (http) with context path '/'
2025-07-22 06:00:50.868 [main] INFO  c.itxuan.TliasManagementApplication - Started TliasManagementApplication in 1.592 seconds (process running for 2.216)
2025-07-22 06:01:05.354 [http-nio-8080-exec-1] INFO  o.a.c.c.C.[Tomcat].[localhost].[/] - Initializing Spring DispatcherServlet 'dispatcherServlet'
2025-07-22 06:01:05.355 [http-nio-8080-exec-1] INFO  o.s.web.servlet.DispatcherServlet - Initializing Servlet 'dispatcherServlet'
2025-07-22 06:01:05.355 [http-nio-8080-exec-1] INFO  o.s.web.servlet.DispatcherServlet - Completed initialization in 0 ms
2025-07-22 06:01:22.145 [http-nio-8080-exec-2] INFO  c.itxuan.controller.UploadController - 上传文件，参数：username=zma,file=org.springframework.web.multipart.support.StandardMultipartHttpServletRequest$StandardMultipartFile@272e59e6
2025-07-22 06:23:19.360 [SpringApplicationShutdownHook] INFO  o.s.b.w.e.tomcat.GracefulShutdown - Commencing graceful shutdown. Waiting for active requests to complete
2025-07-22 06:23:19.368 [tomcat-shutdown] INFO  o.s.b.w.e.tomcat.GracefulShutdown - Graceful shutdown complete
2025-07-22 07:07:01.222 [main] INFO  c.itxuan.TliasManagementApplication - Starting TliasManagementApplication using Java 21.0.7 with PID 28896 (E:\project\Actual-develop\Tlias-educate-management\web-ai-Tlias\Tlias-management\target\classes started by Administrator in E:\project\Actual-develop\Tlias-educate-management\web-ai-Tlias)
2025-07-22 07:07:01.223 [main] INFO  c.itxuan.TliasManagementApplication - No active profile set, falling back to 1 default profile: "default"
2025-07-22 07:07:01.959 [main] INFO  o.s.b.w.e.tomcat.TomcatWebServer - Tomcat initialized with port 8080 (http)
2025-07-22 07:07:01.972 [main] INFO  o.a.coyote.http11.Http11NioProtocol - Initializing ProtocolHandler ["http-nio-8080"]
2025-07-22 07:07:01.973 [main] INFO  o.a.catalina.core.StandardService - Starting service [Tomcat]
2025-07-22 07:07:01.973 [main] INFO  o.a.catalina.core.StandardEngine - Starting Servlet engine: [Apache Tomcat/10.1.42]
2025-07-22 07:07:02.015 [main] INFO  o.a.c.c.C.[Tomcat].[localhost].[/] - Initializing Spring embedded WebApplicationContext
2025-07-22 07:07:02.015 [main] INFO  o.s.b.w.s.c.ServletWebServerApplicationContext - Root WebApplicationContext: initialization completed in 764 ms
2025-07-22 07:07:02.295 [main] INFO  o.s.b.a.w.s.WelcomePageHandlerMapping - Adding welcome page: class path resource [static/index.html]
2025-07-22 07:07:02.572 [main] INFO  o.a.coyote.http11.Http11NioProtocol - Starting ProtocolHandler ["http-nio-8080"]
2025-07-22 07:07:02.585 [main] INFO  o.s.b.w.e.tomcat.TomcatWebServer - Tomcat started on port 8080 (http) with context path '/'
2025-07-22 07:07:02.591 [main] INFO  c.itxuan.TliasManagementApplication - Started TliasManagementApplication in 1.666 seconds (process running for 2.367)
2025-07-22 07:07:28.129 [http-nio-8080-exec-1] INFO  o.a.c.c.C.[Tomcat].[localhost].[/] - Initializing Spring DispatcherServlet 'dispatcherServlet'
2025-07-22 07:07:28.129 [http-nio-8080-exec-1] INFO  o.s.web.servlet.DispatcherServlet - Initializing Servlet 'dispatcherServlet'
2025-07-22 07:07:28.130 [http-nio-8080-exec-1] INFO  o.s.web.servlet.DispatcherServlet - Completed initialization in 1 ms
2025-07-22 07:07:48.373 [http-nio-8080-exec-2] INFO  c.itxuan.controller.UploadController - 文件上传：daan.txt
2025-07-22 07:07:49.373 [http-nio-8080-exec-2] INFO  c.itxuan.controller.UploadController - 文件上传完成,地址：https://tlias-mangement.oss-cn-beijing.aliyuncs.com/2025/07/81ee038b-ce3a-4d10-9d9b-17c81ae20c12.txt
2025-07-22 07:12:30.711 [http-nio-8080-exec-8] INFO  c.itxuan.controller.UploadController - 文件上传：destroytask@3.5x.png
2025-07-22 07:12:31.139 [http-nio-8080-exec-8] INFO  c.itxuan.controller.UploadController - 文件上传完成,地址：https://tlias-mangement.oss-cn-beijing.aliyuncs.com/2025/07/cc55a329-e084-4099-8fae-2e4400337254.png
2025-07-22 07:14:17.281 [http-nio-8080-exec-6] INFO  com.itxuan.controller.EmpController - 添加员工，参数：Emp(id=null, username=lqy, password=null, name=lqy123, gender=2, phone=19224567851, job=4, salary=6198135, image=https://tlias-mangement.oss-cn-beijing.aliyuncs.com/2025/07/cc55a329-e084-4099-8fae-2e4400337254.png, entryDate=2025-07-18, deptId=5, createTime=null, updateTime=null, deptName=null, exprList=[EmpExpr(id=null, empId=null, begin=2020-07-12, end=2025-07-13, company=魔方, job=游戏设计师), EmpExpr(id=null, empId=null, begin=2016-07-10, end=2022-08-26, company=海泽王, job=游戏设计师)])
2025-07-22 07:14:17.291 [http-nio-8080-exec-6] DEBUG o.s.j.support.JdbcTransactionManager - Creating new transaction with name [com.itxuan.service.Impl.EmpServiceImpl.save]: PROPAGATION_REQUIRED,ISOLATION_DEFAULT,-java.lang.Exception
2025-07-22 07:14:17.291 [http-nio-8080-exec-6] INFO  com.zaxxer.hikari.HikariDataSource - HikariPool-1 - Starting...
2025-07-22 07:14:17.487 [http-nio-8080-exec-6] INFO  com.zaxxer.hikari.pool.HikariPool - HikariPool-1 - Added connection com.mysql.cj.jdbc.ConnectionImpl@43111e67
2025-07-22 07:14:17.491 [http-nio-8080-exec-6] INFO  com.zaxxer.hikari.HikariDataSource - HikariPool-1 - Start completed.
2025-07-22 07:14:17.495 [http-nio-8080-exec-6] DEBUG o.s.j.support.JdbcTransactionManager - Acquired Connection [HikariProxyConnection@1691416920 wrapping com.mysql.cj.jdbc.ConnectionImpl@43111e67] for JDBC transaction
2025-07-22 07:14:17.501 [http-nio-8080-exec-6] DEBUG o.s.j.support.JdbcTransactionManager - Switching JDBC Connection [HikariProxyConnection@1691416920 wrapping com.mysql.cj.jdbc.ConnectionImpl@43111e67] to manual commit
2025-07-22 07:14:17.626 [http-nio-8080-exec-6] DEBUG o.s.j.support.JdbcTransactionManager - Suspending current transaction, creating new transaction with name [com.itxuan.service.Impl.EmpLogServiceImpl.insertLog]
2025-07-22 07:14:17.627 [http-nio-8080-exec-6] DEBUG o.s.j.support.JdbcTransactionManager - Acquired Connection [HikariProxyConnection@1748484489 wrapping com.mysql.cj.jdbc.ConnectionImpl@4eafee74] for JDBC transaction
2025-07-22 07:14:17.627 [http-nio-8080-exec-6] DEBUG o.s.j.support.JdbcTransactionManager - Switching JDBC Connection [HikariProxyConnection@1748484489 wrapping com.mysql.cj.jdbc.ConnectionImpl@4eafee74] to manual commit
2025-07-22 07:14:17.632 [http-nio-8080-exec-6] DEBUG o.s.j.support.JdbcTransactionManager - Initiating transaction commit
2025-07-22 07:14:17.632 [http-nio-8080-exec-6] DEBUG o.s.j.support.JdbcTransactionManager - Committing JDBC transaction on Connection [HikariProxyConnection@1748484489 wrapping com.mysql.cj.jdbc.ConnectionImpl@4eafee74]
2025-07-22 07:14:17.634 [http-nio-8080-exec-6] DEBUG o.s.j.support.JdbcTransactionManager - Releasing JDBC Connection [HikariProxyConnection@1748484489 wrapping com.mysql.cj.jdbc.ConnectionImpl@4eafee74] after transaction
2025-07-22 07:14:17.635 [http-nio-8080-exec-6] DEBUG o.s.j.support.JdbcTransactionManager - Resuming suspended transaction after completion of inner transaction
2025-07-22 07:14:17.637 [http-nio-8080-exec-6] DEBUG o.s.j.support.JdbcTransactionManager - Initiating transaction commit
2025-07-22 07:14:17.637 [http-nio-8080-exec-6] DEBUG o.s.j.support.JdbcTransactionManager - Committing JDBC transaction on Connection [HikariProxyConnection@1691416920 wrapping com.mysql.cj.jdbc.ConnectionImpl@43111e67]
2025-07-22 07:14:17.637 [http-nio-8080-exec-6] DEBUG o.s.j.support.JdbcTransactionManager - Releasing JDBC Connection [HikariProxyConnection@1691416920 wrapping com.mysql.cj.jdbc.ConnectionImpl@43111e67] after transaction
2025-07-22 07:14:17.666 [http-nio-8080-exec-7] INFO  com.itxuan.controller.EmpController - 分页查询，参数：EmpQueryParam(name=, gender=null, begin=null, end=null, page=1, pageSize=10)
2025-07-22 07:20:22.286 [SpringApplicationShutdownHook] INFO  o.s.b.w.e.tomcat.GracefulShutdown - Commencing graceful shutdown. Waiting for active requests to complete
2025-07-22 07:20:22.289 [tomcat-shutdown] INFO  o.s.b.w.e.tomcat.GracefulShutdown - Graceful shutdown complete
2025-07-22 07:20:22.291 [SpringApplicationShutdownHook] INFO  com.zaxxer.hikari.HikariDataSource - HikariPool-1 - Shutdown initiated...
2025-07-22 07:20:22.297 [SpringApplicationShutdownHook] INFO  com.zaxxer.hikari.HikariDataSource - HikariPool-1 - Shutdown completed.
2025-07-22 07:21:45.491 [main] INFO  c.itxuan.TliasManagementApplication - Starting TliasManagementApplication using Java 21.0.7 with PID 21500 (E:\project\Actual-develop\Tlias-educate-management\web-ai-Tlias\Tlias-management\target\classes started by Administrator in E:\project\Actual-develop\Tlias-educate-management\web-ai-Tlias)
2025-07-22 07:21:45.493 [main] INFO  c.itxuan.TliasManagementApplication - No active profile set, falling back to 1 default profile: "default"
2025-07-22 07:21:46.191 [main] INFO  o.s.b.w.e.tomcat.TomcatWebServer - Tomcat initialized with port 8080 (http)
2025-07-22 07:21:46.205 [main] INFO  o.a.coyote.http11.Http11NioProtocol - Initializing ProtocolHandler ["http-nio-8080"]
2025-07-22 07:21:46.205 [main] INFO  o.a.catalina.core.StandardService - Starting service [Tomcat]
2025-07-22 07:21:46.205 [main] INFO  o.a.catalina.core.StandardEngine - Starting Servlet engine: [Apache Tomcat/10.1.42]
2025-07-22 07:21:46.241 [main] INFO  o.a.c.c.C.[Tomcat].[localhost].[/] - Initializing Spring embedded WebApplicationContext
2025-07-22 07:21:46.243 [main] INFO  o.s.b.w.s.c.ServletWebServerApplicationContext - Root WebApplicationContext: initialization completed in 719 ms
2025-07-22 07:21:46.488 [main] INFO  o.s.b.a.w.s.WelcomePageHandlerMapping - Adding welcome page: class path resource [static/index.html]
2025-07-22 07:21:46.729 [main] INFO  o.a.coyote.http11.Http11NioProtocol - Starting ProtocolHandler ["http-nio-8080"]
2025-07-22 07:21:46.742 [main] INFO  o.s.b.w.e.tomcat.TomcatWebServer - Tomcat started on port 8080 (http) with context path '/'
2025-07-22 07:21:46.748 [main] INFO  c.itxuan.TliasManagementApplication - Started TliasManagementApplication in 1.528 seconds (process running for 2.106)
2025-07-22 07:21:54.828 [http-nio-8080-exec-2] INFO  o.a.c.c.C.[Tomcat].[localhost].[/] - Initializing Spring DispatcherServlet 'dispatcherServlet'
2025-07-22 07:21:54.828 [http-nio-8080-exec-2] INFO  o.s.web.servlet.DispatcherServlet - Initializing Servlet 'dispatcherServlet'
2025-07-22 07:21:54.830 [http-nio-8080-exec-2] INFO  o.s.web.servlet.DispatcherServlet - Completed initialization in 0 ms
2025-07-22 07:21:54.883 [http-nio-8080-exec-1] INFO  com.itxuan.controller.EmpController - 分页查询，参数：EmpQueryParam(name=, gender=null, begin=null, end=null, page=1, pageSize=10)
2025-07-22 07:21:54.890 [http-nio-8080-exec-2] INFO  com.zaxxer.hikari.HikariDataSource - HikariPool-1 - Starting...
2025-07-22 07:21:55.291 [http-nio-8080-exec-2] INFO  com.zaxxer.hikari.pool.HikariPool - HikariPool-1 - Added connection com.mysql.cj.jdbc.ConnectionImpl@14dd6780
2025-07-22 07:21:55.294 [http-nio-8080-exec-2] INFO  com.zaxxer.hikari.HikariDataSource - HikariPool-1 - Start completed.
2025-07-22 07:22:28.539 [http-nio-8080-exec-3] INFO  c.itxuan.controller.UploadController - 文件上传：address@2.5x.png
2025-07-22 07:22:29.392 [http-nio-8080-exec-3] INFO  c.itxuan.controller.UploadController - 文件上传完成,地址：https://tlias-mangement.oss-cn-beijing.aliyuncs.com/2025/07/8013a2c5-d893-4659-891f-f69239d8a44e.png
2025-07-22 07:22:37.088 [http-nio-8080-exec-4] INFO  com.itxuan.controller.EmpController - 添加员工，参数：Emp(id=null, username=lqy456, password=null, name=lqy789, gender=2, phone=19236567851, job=4, salary=2686192, image=https://tlias-mangement.oss-cn-beijing.aliyuncs.com/2025/07/8013a2c5-d893-4659-891f-f69239d8a44e.png, entryDate=2025-07-20, deptId=1, createTime=null, updateTime=null, deptName=null, exprList=[])
2025-07-22 07:22:37.097 [http-nio-8080-exec-4] DEBUG o.s.j.support.JdbcTransactionManager - Creating new transaction with name [com.itxuan.service.Impl.EmpServiceImpl.save]: PROPAGATION_REQUIRED,ISOLATION_DEFAULT,-java.lang.Exception
2025-07-22 07:22:37.098 [http-nio-8080-exec-4] DEBUG o.s.j.support.JdbcTransactionManager - Acquired Connection [HikariProxyConnection@1239957028 wrapping com.mysql.cj.jdbc.ConnectionImpl@14dd6780] for JDBC transaction
2025-07-22 07:22:37.098 [http-nio-8080-exec-4] DEBUG o.s.j.support.JdbcTransactionManager - Switching JDBC Connection [HikariProxyConnection@1239957028 wrapping com.mysql.cj.jdbc.ConnectionImpl@14dd6780] to manual commit
2025-07-22 07:22:37.113 [http-nio-8080-exec-4] DEBUG o.s.j.support.JdbcTransactionManager - Suspending current transaction, creating new transaction with name [com.itxuan.service.Impl.EmpLogServiceImpl.insertLog]
2025-07-22 07:22:37.113 [http-nio-8080-exec-4] DEBUG o.s.j.support.JdbcTransactionManager - Acquired Connection [HikariProxyConnection@1936952634 wrapping com.mysql.cj.jdbc.ConnectionImpl@56a07008] for JDBC transaction
2025-07-22 07:22:37.113 [http-nio-8080-exec-4] DEBUG o.s.j.support.JdbcTransactionManager - Switching JDBC Connection [HikariProxyConnection@1936952634 wrapping com.mysql.cj.jdbc.ConnectionImpl@56a07008] to manual commit
2025-07-22 07:22:37.120 [http-nio-8080-exec-4] DEBUG o.s.j.support.JdbcTransactionManager - Initiating transaction commit
2025-07-22 07:22:37.120 [http-nio-8080-exec-4] DEBUG o.s.j.support.JdbcTransactionManager - Committing JDBC transaction on Connection [HikariProxyConnection@1936952634 wrapping com.mysql.cj.jdbc.ConnectionImpl@56a07008]
2025-07-22 07:22:37.125 [http-nio-8080-exec-4] DEBUG o.s.j.support.JdbcTransactionManager - Releasing JDBC Connection [HikariProxyConnection@1936952634 wrapping com.mysql.cj.jdbc.ConnectionImpl@56a07008] after transaction
2025-07-22 07:22:37.125 [http-nio-8080-exec-4] DEBUG o.s.j.support.JdbcTransactionManager - Resuming suspended transaction after completion of inner transaction
2025-07-22 07:22:37.125 [http-nio-8080-exec-4] DEBUG o.s.j.support.JdbcTransactionManager - Initiating transaction commit
2025-07-22 07:22:37.125 [http-nio-8080-exec-4] DEBUG o.s.j.support.JdbcTransactionManager - Committing JDBC transaction on Connection [HikariProxyConnection@1239957028 wrapping com.mysql.cj.jdbc.ConnectionImpl@14dd6780]
2025-07-22 07:22:37.125 [http-nio-8080-exec-4] DEBUG o.s.j.support.JdbcTransactionManager - Releasing JDBC Connection [HikariProxyConnection@1239957028 wrapping com.mysql.cj.jdbc.ConnectionImpl@14dd6780] after transaction
2025-07-22 07:22:37.153 [http-nio-8080-exec-5] INFO  com.itxuan.controller.EmpController - 分页查询，参数：EmpQueryParam(name=, gender=null, begin=null, end=null, page=1, pageSize=10)
2025-07-22 07:23:57.354 [http-nio-8080-exec-6] WARN  o.s.w.s.m.s.DefaultHandlerExceptionResolver - Resolved [org.springframework.web.HttpRequestMethodNotSupportedException: Request method 'DELETE' is not supported]
2025-07-22 07:23:58.984 [http-nio-8080-exec-7] WARN  o.s.w.s.m.s.DefaultHandlerExceptionResolver - Resolved [org.springframework.web.HttpRequestMethodNotSupportedException: Request method 'DELETE' is not supported]
2025-07-22 07:24:13.105 [SpringApplicationShutdownHook] INFO  o.s.b.w.e.tomcat.GracefulShutdown - Commencing graceful shutdown. Waiting for active requests to complete
2025-07-22 07:24:13.108 [tomcat-shutdown] INFO  o.s.b.w.e.tomcat.GracefulShutdown - Graceful shutdown complete
2025-07-22 07:24:13.110 [SpringApplicationShutdownHook] INFO  com.zaxxer.hikari.HikariDataSource - HikariPool-1 - Shutdown initiated...
2025-07-22 07:24:13.115 [SpringApplicationShutdownHook] INFO  com.zaxxer.hikari.HikariDataSource - HikariPool-1 - Shutdown completed.
2025-07-22 12:57:04.776 [main] INFO  c.itxuan.TliasManagementApplication - Starting TliasManagementApplication using Java 21.0.7 with PID 26820 (E:\project\Actual-develop\Tlias-educate-management\web-ai-Tlias\Tlias-management\target\classes started by Administrator in E:\project\Actual-develop\Tlias-educate-management\web-ai-Tlias)
2025-07-22 12:57:04.776 [main] INFO  c.itxuan.TliasManagementApplication - No active profile set, falling back to 1 default profile: "default"
2025-07-22 12:57:05.606 [main] INFO  o.s.b.w.e.tomcat.TomcatWebServer - Tomcat initialized with port 8080 (http)
2025-07-22 12:57:05.619 [main] INFO  o.a.coyote.http11.Http11NioProtocol - Initializing ProtocolHandler ["http-nio-8080"]
2025-07-22 12:57:05.619 [main] INFO  o.a.catalina.core.StandardService - Starting service [Tomcat]
2025-07-22 12:57:05.619 [main] INFO  o.a.catalina.core.StandardEngine - Starting Servlet engine: [Apache Tomcat/10.1.42]
2025-07-22 12:57:05.666 [main] INFO  o.a.c.c.C.[Tomcat].[localhost].[/] - Initializing Spring embedded WebApplicationContext
2025-07-22 12:57:05.667 [main] INFO  o.s.b.w.s.c.ServletWebServerApplicationContext - Root WebApplicationContext: initialization completed in 847 ms
2025-07-22 12:57:06.048 [main] INFO  o.s.b.a.w.s.WelcomePageHandlerMapping - Adding welcome page: class path resource [static/index.html]
2025-07-22 12:57:06.360 [main] INFO  o.a.coyote.http11.Http11NioProtocol - Starting ProtocolHandler ["http-nio-8080"]
2025-07-22 12:57:06.376 [main] INFO  o.s.b.w.e.tomcat.TomcatWebServer - Tomcat started on port 8080 (http) with context path '/'
2025-07-22 12:57:06.386 [main] INFO  c.itxuan.TliasManagementApplication - Started TliasManagementApplication in 1.949 seconds (process running for 3.408)
2025-07-22 12:57:24.694 [http-nio-8080-exec-1] INFO  o.a.c.c.C.[Tomcat].[localhost].[/] - Initializing Spring DispatcherServlet 'dispatcherServlet'
2025-07-22 12:57:24.694 [http-nio-8080-exec-1] INFO  o.s.web.servlet.DispatcherServlet - Initializing Servlet 'dispatcherServlet'
2025-07-22 12:57:24.694 [http-nio-8080-exec-1] INFO  o.s.web.servlet.DispatcherServlet - Completed initialization in 0 ms
2025-07-22 12:57:24.726 [http-nio-8080-exec-1] INFO  com.itxuan.controller.EmpController - 批量删除员工，参数：[1, 2, 3]
2025-07-22 12:57:24.736 [http-nio-8080-exec-1] DEBUG o.s.j.support.JdbcTransactionManager - Creating new transaction with name [com.itxuan.service.Impl.EmpServiceImpl.delete]: PROPAGATION_REQUIRED,ISOLATION_DEFAULT,-java.lang.Exception
2025-07-22 12:57:24.743 [http-nio-8080-exec-1] INFO  com.zaxxer.hikari.HikariDataSource - HikariPool-1 - Starting...
2025-07-22 12:57:25.205 [http-nio-8080-exec-1] INFO  com.zaxxer.hikari.pool.HikariPool - HikariPool-1 - Added connection com.mysql.cj.jdbc.ConnectionImpl@77db2632
2025-07-22 12:57:25.215 [http-nio-8080-exec-1] INFO  com.zaxxer.hikari.HikariDataSource - HikariPool-1 - Start completed.
2025-07-22 12:57:25.215 [http-nio-8080-exec-1] DEBUG o.s.j.support.JdbcTransactionManager - Acquired Connection [HikariProxyConnection@795650381 wrapping com.mysql.cj.jdbc.ConnectionImpl@77db2632] for JDBC transaction
2025-07-22 12:57:25.215 [http-nio-8080-exec-1] DEBUG o.s.j.support.JdbcTransactionManager - Switching JDBC Connection [HikariProxyConnection@795650381 wrapping com.mysql.cj.jdbc.ConnectionImpl@77db2632] to manual commit
2025-07-22 12:57:26.024 [http-nio-8080-exec-1] DEBUG o.s.j.support.JdbcTransactionManager - Initiating transaction rollback
2025-07-22 12:57:26.024 [http-nio-8080-exec-1] DEBUG o.s.j.support.JdbcTransactionManager - Rolling back JDBC transaction on Connection [HikariProxyConnection@795650381 wrapping com.mysql.cj.jdbc.ConnectionImpl@77db2632]
2025-07-22 12:57:26.024 [http-nio-8080-exec-1] DEBUG o.s.j.support.JdbcTransactionManager - Releasing JDBC Connection [HikariProxyConnection@795650381 wrapping com.mysql.cj.jdbc.ConnectionImpl@77db2632] after transaction
2025-07-22 12:57:26.024 [http-nio-8080-exec-1] ERROR o.a.c.c.C.[.[.[.[dispatcherServlet] - Servlet.service() for servlet [dispatcherServlet] in context with path [] threw exception [Request processing failed: org.springframework.jdbc.BadSqlGrammarException: 
### Error updating database.  Cause: java.sql.SQLSyntaxErrorException: You have an error in your SQL syntax; check the manual that corresponds to your MySQL server version for the right syntax to use near '1
         , 
            2
         , 
            3' at line 3
### The error may exist in com/itxuan/mapper/EmpExprMapper.xml
### The error may involve defaultParameterMap
### The error occurred while setting parameters
### SQL: delete from emp_expr where emp_id in                        ?          ,              ?          ,              ?
### Cause: java.sql.SQLSyntaxErrorException: You have an error in your SQL syntax; check the manual that corresponds to your MySQL server version for the right syntax to use near '1
         , 
            2
         , 
            3' at line 3
; bad SQL grammar []] with root cause
java.sql.SQLSyntaxErrorException: You have an error in your SQL syntax; check the manual that corresponds to your MySQL server version for the right syntax to use near '1
         , 
            2
         , 
            3' at line 3
	at com.mysql.cj.jdbc.exceptions.SQLError.createSQLException(SQLError.java:112)
	at com.mysql.cj.jdbc.exceptions.SQLExceptionsMapping.translateException(SQLExceptionsMapping.java:114)
	at com.mysql.cj.jdbc.ClientPreparedStatement.executeInternal(ClientPreparedStatement.java:988)
	at com.mysql.cj.jdbc.ClientPreparedStatement.execute(ClientPreparedStatement.java:382)
	at com.zaxxer.hikari.pool.ProxyPreparedStatement.execute(ProxyPreparedStatement.java:44)
	at com.zaxxer.hikari.pool.HikariProxyPreparedStatement.execute(HikariProxyPreparedStatement.java)
	at java.base/jdk.internal.reflect.DirectMethodHandleAccessor.invoke(DirectMethodHandleAccessor.java:103)
	at java.base/java.lang.reflect.Method.invoke(Method.java:580)
	at org.apache.ibatis.logging.jdbc.PreparedStatementLogger.invoke(PreparedStatementLogger.java:58)
	at jdk.proxy3/jdk.proxy3.$Proxy88.execute(Unknown Source)
	at org.apache.ibatis.executor.statement.PreparedStatementHandler.update(PreparedStatementHandler.java:48)
	at org.apache.ibatis.executor.statement.RoutingStatementHandler.update(RoutingStatementHandler.java:75)
	at org.apache.ibatis.executor.SimpleExecutor.doUpdate(SimpleExecutor.java:50)
	at org.apache.ibatis.executor.BaseExecutor.update(BaseExecutor.java:117)
	at org.apache.ibatis.executor.CachingExecutor.update(CachingExecutor.java:76)
	at java.base/jdk.internal.reflect.DirectMethodHandleAccessor.invoke(DirectMethodHandleAccessor.java:103)
	at java.base/java.lang.reflect.Method.invoke(Method.java:580)
	at org.apache.ibatis.plugin.Plugin.invoke(Plugin.java:61)
	at jdk.proxy2/jdk.proxy2.$Proxy86.update(Unknown Source)
	at org.apache.ibatis.session.defaults.DefaultSqlSession.update(DefaultSqlSession.java:197)
	at org.apache.ibatis.session.defaults.DefaultSqlSession.delete(DefaultSqlSession.java:212)
	at java.base/jdk.internal.reflect.DirectMethodHandleAccessor.invoke(DirectMethodHandleAccessor.java:103)
	at java.base/java.lang.reflect.Method.invoke(Method.java:580)
	at org.mybatis.spring.SqlSessionTemplate$SqlSessionInterceptor.invoke(SqlSessionTemplate.java:333)
	at jdk.proxy2/jdk.proxy2.$Proxy66.delete(Unknown Source)
	at org.mybatis.spring.SqlSessionTemplate.delete(SqlSessionTemplate.java:244)
	at org.apache.ibatis.binding.MapperMethod.execute(MapperMethod.java:72)
	at org.apache.ibatis.binding.MapperProxy$PlainMethodInvoker.invoke(MapperProxy.java:141)
	at org.apache.ibatis.binding.MapperProxy.invoke(MapperProxy.java:86)
	at jdk.proxy2/jdk.proxy2.$Proxy75.deleteByEmpIds(Unknown Source)
	at com.itxuan.service.Impl.EmpServiceImpl.delete(EmpServiceImpl.java:109)
	at java.base/jdk.internal.reflect.DirectMethodHandleAccessor.invoke(DirectMethodHandleAccessor.java:103)
	at java.base/java.lang.reflect.Method.invoke(Method.java:580)
	at org.springframework.aop.support.AopUtils.invokeJoinpointUsingReflection(AopUtils.java:359)
	at org.springframework.aop.framework.ReflectiveMethodInvocation.invokeJoinpoint(ReflectiveMethodInvocation.java:196)
	at org.springframework.aop.framework.ReflectiveMethodInvocation.proceed(ReflectiveMethodInvocation.java:163)
	at org.springframework.transaction.interceptor.TransactionAspectSupport.invokeWithinTransaction(TransactionAspectSupport.java:380)
	at org.springframework.transaction.interceptor.TransactionInterceptor.invoke(TransactionInterceptor.java:119)
	at org.springframework.aop.framework.ReflectiveMethodInvocation.proceed(ReflectiveMethodInvocation.java:184)
	at org.springframework.aop.framework.CglibAopProxy$DynamicAdvisedInterceptor.intercept(CglibAopProxy.java:728)
	at com.itxuan.service.Impl.EmpServiceImpl$$SpringCGLIB$$0.delete(<generated>)
	at com.itxuan.controller.EmpController.delete(EmpController.java:57)
	at java.base/jdk.internal.reflect.DirectMethodHandleAccessor.invoke(DirectMethodHandleAccessor.java:103)
	at java.base/java.lang.reflect.Method.invoke(Method.java:580)
	at org.springframework.web.method.support.InvocableHandlerMethod.doInvoke(InvocableHandlerMethod.java:258)
	at org.springframework.web.method.support.InvocableHandlerMethod.invokeForRequest(InvocableHandlerMethod.java:191)
	at org.springframework.web.servlet.mvc.method.annotation.ServletInvocableHandlerMethod.invokeAndHandle(ServletInvocableHandlerMethod.java:118)
	at org.springframework.web.servlet.mvc.method.annotation.RequestMappingHandlerAdapter.invokeHandlerMethod(RequestMappingHandlerAdapter.java:986)
	at org.springframework.web.servlet.mvc.method.annotation.RequestMappingHandlerAdapter.handleInternal(RequestMappingHandlerAdapter.java:891)
	at org.springframework.web.servlet.mvc.method.AbstractHandlerMethodAdapter.handle(AbstractHandlerMethodAdapter.java:87)
	at org.springframework.web.servlet.DispatcherServlet.doDispatch(DispatcherServlet.java:1089)
	at org.springframework.web.servlet.DispatcherServlet.doService(DispatcherServlet.java:979)
	at org.springframework.web.servlet.FrameworkServlet.processRequest(FrameworkServlet.java:1014)
	at org.springframework.web.servlet.FrameworkServlet.doDelete(FrameworkServlet.java:936)
	at jakarta.servlet.http.HttpServlet.service(HttpServlet.java:596)
	at org.springframework.web.servlet.FrameworkServlet.service(FrameworkServlet.java:885)
	at jakarta.servlet.http.HttpServlet.service(HttpServlet.java:658)
	at org.apache.catalina.core.ApplicationFilterChain.internalDoFilter(ApplicationFilterChain.java:195)
	at org.apache.catalina.core.ApplicationFilterChain.doFilter(ApplicationFilterChain.java:140)
	at org.apache.tomcat.websocket.server.WsFilter.doFilter(WsFilter.java:51)
	at org.apache.catalina.core.ApplicationFilterChain.internalDoFilter(ApplicationFilterChain.java:164)
	at org.apache.catalina.core.ApplicationFilterChain.doFilter(ApplicationFilterChain.java:140)
	at org.springframework.web.filter.RequestContextFilter.doFilterInternal(RequestContextFilter.java:100)
	at org.springframework.web.filter.OncePerRequestFilter.doFilter(OncePerRequestFilter.java:116)
	at org.apache.catalina.core.ApplicationFilterChain.internalDoFilter(ApplicationFilterChain.java:164)
	at org.apache.catalina.core.ApplicationFilterChain.doFilter(ApplicationFilterChain.java:140)
	at org.springframework.web.filter.FormContentFilter.doFilterInternal(FormContentFilter.java:93)
	at org.springframework.web.filter.OncePerRequestFilter.doFilter(OncePerRequestFilter.java:116)
	at org.apache.catalina.core.ApplicationFilterChain.internalDoFilter(ApplicationFilterChain.java:164)
	at org.apache.catalina.core.ApplicationFilterChain.doFilter(ApplicationFilterChain.java:140)
	at org.springframework.web.filter.CharacterEncodingFilter.doFilterInternal(CharacterEncodingFilter.java:201)
	at org.springframework.web.filter.OncePerRequestFilter.doFilter(OncePerRequestFilter.java:116)
	at org.apache.catalina.core.ApplicationFilterChain.internalDoFilter(ApplicationFilterChain.java:164)
	at org.apache.catalina.core.ApplicationFilterChain.doFilter(ApplicationFilterChain.java:140)
	at org.apache.catalina.core.StandardWrapperValve.invoke(StandardWrapperValve.java:167)
	at org.apache.catalina.core.StandardContextValve.invoke(StandardContextValve.java:90)
	at org.apache.catalina.authenticator.AuthenticatorBase.invoke(AuthenticatorBase.java:483)
	at org.apache.catalina.core.StandardHostValve.invoke(StandardHostValve.java:116)
	at org.apache.catalina.valves.ErrorReportValve.invoke(ErrorReportValve.java:93)
	at org.apache.catalina.core.StandardEngineValve.invoke(StandardEngineValve.java:74)
	at org.apache.catalina.connector.CoyoteAdapter.service(CoyoteAdapter.java:344)
	at org.apache.coyote.http11.Http11Processor.service(Http11Processor.java:398)
	at org.apache.coyote.AbstractProcessorLight.process(AbstractProcessorLight.java:63)
	at org.apache.coyote.AbstractProtocol$ConnectionHandler.process(AbstractProtocol.java:903)
	at org.apache.tomcat.util.net.NioEndpoint$SocketProcessor.doRun(NioEndpoint.java:1769)
	at org.apache.tomcat.util.net.SocketProcessorBase.run(SocketProcessorBase.java:52)
	at org.apache.tomcat.util.threads.ThreadPoolExecutor.runWorker(ThreadPoolExecutor.java:1189)
	at org.apache.tomcat.util.threads.ThreadPoolExecutor$Worker.run(ThreadPoolExecutor.java:658)
	at org.apache.tomcat.util.threads.TaskThread$WrappingRunnable.run(TaskThread.java:63)
	at java.base/java.lang.Thread.run(Thread.java:1583)
2025-07-22 12:58:27.483 [SpringApplicationShutdownHook] INFO  o.s.b.w.e.tomcat.GracefulShutdown - Commencing graceful shutdown. Waiting for active requests to complete
2025-07-22 12:58:27.486 [tomcat-shutdown] INFO  o.s.b.w.e.tomcat.GracefulShutdown - Graceful shutdown complete
2025-07-22 12:58:27.489 [SpringApplicationShutdownHook] INFO  com.zaxxer.hikari.HikariDataSource - HikariPool-1 - Shutdown initiated...
2025-07-22 12:58:27.494 [SpringApplicationShutdownHook] INFO  com.zaxxer.hikari.HikariDataSource - HikariPool-1 - Shutdown completed.
